SF:lib/widgets/sheet_logo.dart
DA:13,1
DA:17,1
DA:19,1
DA:20,1
DA:21,1
DA:22,1
DA:23,1
DA:24,2
DA:25,1
DA:26,1
DA:34,1
DA:44,1
DA:46,1
DA:47,1
DA:49,1
DA:50,3
DA:51,1
DA:54,1
DA:56,1
DA:58,1
DA:59,2
DA:60,1
DA:61,2
DA:62,1
DA:65,4
DA:66,1
DA:67,1
DA:69,1
DA:70,1
DA:72,1
DA:74,1
DA:75,1
DA:77,1
DA:79,1
DA:80,1
DA:83,1
DA:84,2
DA:85,4
DA:86,4
DA:87,4
DA:89,1
DA:91,1
DA:94,1
DA:95,4
DA:96,4
DA:97,1
DA:99,1
DA:101,1
DA:102,3
DA:103,1
DA:104,1
DA:105,1
DA:107,1
DA:108,1
DA:110,1
DA:111,4
DA:112,1
DA:114,3
DA:115,1
DA:118,0
DA:120,0
DA:121,0
DA:122,0
LF:63
LH:59
end_of_record
