SF:lib/stupid_simple_sheet.dart
DA:37,1
DA:103,1
DA:104,1
DA:105,2
DA:106,1
DA:107,1
DA:108,2
DA:109,1
DA:115,1
DA:132,1
DA:134,1
DA:135,1
DA:136,1
DA:137,3
DA:138,1
DA:139,2
DA:140,6
DA:143,1
DA:144,6
DA:146,1
DA:174,1
DA:185,0
DA:196,1
DA:205,0
DA:211,0
DA:218,0
DA:239,2
DA:240,4
DA:250,2
DA:251,2
DA:252,2
DA:253,4
DA:257,2
DA:258,4
DA:260,2
DA:262,4
DA:264,2
DA:266,2
DA:267,2
DA:273,4
DA:274,8
DA:275,6
DA:284,2
DA:285,2
DA:286,4
DA:288,4
DA:289,2
DA:293,2
DA:299,2
DA:301,4
DA:303,2
DA:306,2
DA:307,2
DA:308,4
DA:309,6
DA:310,4
DA:311,4
DA:312,2
DA:316,2
DA:320,2
DA:323,4
DA:324,0
DA:326,2
DA:327,2
DA:328,2
DA:331,2
DA:332,2
DA:336,1
DA:343,1
DA:344,1
DA:345,1
DA:346,2
DA:348,1
DA:352,1
DA:353,1
DA:354,1
DA:355,2
DA:359,1
DA:360,1
DA:361,2
DA:371,2
DA:373,2
DA:374,2
DA:375,2
DA:376,2
DA:377,2
DA:378,2
DA:384,2
DA:387,4
DA:388,2
DA:391,2
DA:394,2
DA:395,0
DA:399,2
DA:400,4
DA:403,4
DA:405,2
DA:408,2
DA:409,4
DA:411,2
DA:412,6
DA:414,2
DA:417,2
DA:418,4
DA:419,2
DA:422,1
DA:426,2
DA:427,1
DA:428,0
DA:431,1
DA:434,2
DA:437,2
DA:438,0
DA:441,0
DA:442,0
DA:443,0
DA:445,0
DA:447,0
DA:449,0
DA:450,0
DA:454,3
DA:460,1
DA:461,2
DA:464,0
DA:467,0
DA:469,0
DA:470,0
DA:475,2
DA:478,4
DA:479,2
DA:494,1
DA:495,1
DA:496,1
DA:513,1
DA:515,3
DA:520,1
DA:525,2
DA:530,4
DA:532,1
DA:533,1
DA:540,2
DA:541,2
DA:543,2
DA:546,2
DA:569,1
DA:574,1
DA:578,1
DA:581,1
DA:582,2
DA:583,4
DA:586,1
DA:588,2
DA:593,3
DA:594,0
DA:597,2
DA:600,2
DA:603,2
DA:606,1
LF:158
LH:138
end_of_record
SF:lib/src/clamped_animation.dart
DA:7,1
DA:12,1
DA:13,3
DA:18,2
DA:24,1
DA:37,1
DA:38,6
DA:43,1
DA:47,1
LF:9
LH:9
end_of_record
SF:lib/src/cupertino_sheet_copy.dart
DA:34,2
DA:35,2
DA:38,1
DA:43,1
DA:44,2
DA:46,1
DA:51,4
DA:57,1
DA:66,1
DA:68,1
DA:70,1
DA:75,3
DA:78,1
DA:81,1
DA:82,1
DA:83,1
DA:85,3
DA:89,1
DA:93,1
DA:96,1
DA:100,1
DA:102,1
DA:106,2
DA:108,1
DA:111,1
DA:119,4
DA:121,1
DA:122,1
DA:123,1
DA:128,1
DA:130,1
DA:132,1
DA:136,1
DA:139,1
DA:140,1
DA:141,1
DA:142,1
DA:143,0
DA:154,1
DA:162,1
DA:164,1
DA:168,1
DA:169,1
DA:170,1
DA:171,1
DA:173,4
DA:178,1
DA:180,1
DA:184,2
DA:187,1
DA:190,1
DA:200,1
DA:210,1
DA:211,1
DA:212,1
DA:215,1
DA:216,1
DA:217,4
DA:220,1
DA:222,1
DA:226,4
DA:227,1
DA:229,1
DA:235,1
DA:237,1
DA:239,1
DA:243,1
DA:244,1
DA:245,1
DA:246,1
DA:250,1
DA:253,1
DA:254,1
DA:271,1
DA:278,2
DA:282,2
DA:286,1
DA:287,1
DA:288,1
DA:289,1
DA:290,1
DA:292,1
DA:293,1
LF:83
LH:82
end_of_record
SF:lib/src/extend_sheet_at_bottom.dart
DA:7,1
DA:25,1
DA:27,3
DA:28,1
DA:30,1
DA:31,1
DA:34,1
DA:36,1
DA:37,1
DA:40,1
LF:10
LH:10
end_of_record
SF:lib/src/snapping_point.dart
DA:11,1
DA:49,1
DA:51,1
DA:52,0
DA:57,1
DA:58,3
DA:61,1
DA:63,1
DA:65,2
DA:66,2
DA:67,1
DA:76,1
DA:79,0
DA:80,0
DA:81,0
DA:83,0
DA:84,0
DA:90,1
DA:92,1
DA:101,1
DA:103,1
DA:104,1
DA:107,2
DA:112,1
DA:117,1
DA:118,3
DA:119,1
DA:124,2
DA:126,2
DA:128,1
DA:131,1
DA:140,1
DA:141,1
DA:142,0
DA:145,1
DA:146,3
DA:147,1
DA:149,2
DA:153,1
DA:154,1
DA:156,2
DA:158,5
DA:164,1
DA:165,1
DA:167,2
DA:168,3
DA:174,1
DA:175,1
DA:176,2
DA:180,0
DA:181,0
DA:182,0
DA:187,1
DA:188,5
DA:191,0
DA:192,0
DA:196,0
DA:203,0
DA:204,0
DA:205,0
DA:206,0
DA:208,0
DA:210,0
DA:211,0
DA:217,0
DA:218,0
LF:66
LH:44
end_of_record
SF:lib/src/stupid_simple_cupertino_sheet.dart
DA:15,1
DA:31,1
DA:54,1
DA:57,1
DA:58,1
DA:59,2
DA:60,3
DA:64,1
DA:67,1
DA:70,1
DA:85,1
DA:87,1
DA:88,2
DA:89,1
DA:91,1
DA:92,1
DA:93,3
DA:94,3
DA:95,1
DA:100,1
DA:102,1
DA:105,1
DA:109,1
DA:116,2
DA:118,1
DA:120,1
DA:122,2
DA:124,3
DA:125,3
DA:126,1
DA:127,1
DA:133,0
DA:135,0
DA:136,0
DA:139,1
DA:142,1
DA:145,1
DA:147,0
DA:151,0
DA:154,0
DA:157,0
DA:159,0
LF:42
LH:34
end_of_record
