SF:lib/stupid_simple_sheet.dart
DA:34,1
DA:45,1
DA:75,1
DA:76,1
DA:77,2
DA:78,1
DA:79,1
DA:80,2
DA:81,1
DA:87,1
DA:102,1
DA:104,1
DA:105,1
DA:106,3
DA:107,0
DA:108,0
DA:110,1
DA:111,6
DA:113,1
DA:141,0
DA:145,0
DA:151,0
DA:156,0
DA:161,0
DA:164,2
DA:165,2
DA:166,2
DA:167,4
DA:171,2
DA:172,4
DA:174,2
DA:176,4
DA:178,2
DA:180,2
DA:181,2
DA:182,4
DA:184,4
DA:189,2
DA:195,2
DA:197,4
DA:198,4
DA:199,2
DA:200,2
DA:201,0
DA:204,2
DA:208,2
DA:211,4
DA:212,0
DA:214,2
DA:215,2
DA:216,2
DA:219,2
DA:220,2
DA:224,1
DA:231,1
DA:232,1
DA:233,1
DA:234,2
DA:236,1
DA:240,1
DA:241,1
DA:242,1
DA:243,2
DA:253,1
DA:256,2
DA:259,1
DA:260,2
DA:263,1
DA:266,0
DA:267,0
DA:268,0
DA:269,0
DA:272,1
DA:273,2
DA:276,0
DA:280,0
DA:282,0
DA:285,0
DA:286,0
DA:288,0
DA:290,0
DA:291,0
DA:294,0
DA:297,0
DA:299,0
DA:301,0
DA:303,0
DA:304,0
DA:307,0
LF:89
LH:61
end_of_record
SF:lib/src/clamped_animation.dart
DA:7,1
DA:12,1
DA:13,3
DA:18,2
LF:4
LH:4
end_of_record
SF:lib/src/cupertino_sheet_copy.dart
DA:22,3
DA:26,3
DA:36,2
DA:37,2
DA:46,1
DA:54,3
DA:57,1
DA:60,1
DA:61,1
DA:62,1
DA:64,1
DA:68,1
DA:70,2
DA:72,2
DA:74,2
DA:77,2
DA:82,1
DA:83,1
DA:84,1
DA:86,1
DA:87,1
DA:89,1
DA:97,3
DA:99,1
DA:100,1
DA:101,1
DA:106,1
DA:108,1
DA:110,1
DA:114,1
DA:117,1
DA:118,1
DA:119,1
DA:120,1
DA:121,0
LF:35
LH:34
end_of_record
SF:lib/src/stupid_simple_cupertino_sheet.dart
DA:15,1
DA:22,1
DA:30,1
DA:33,1
DA:36,1
DA:39,1
DA:42,1
DA:45,1
DA:47,1
DA:48,1
DA:50,1
DA:51,1
DA:52,1
DA:56,1
DA:58,2
DA:59,1
DA:62,1
DA:63,1
DA:64,1
DA:66,1
DA:68,1
DA:75,1
DA:82,1
DA:83,1
DA:84,1
LF:25
LH:25
end_of_record
