SF:lib/src/spring.dart
DA:19,13
DA:23,3
DA:26,1
DA:28,1
DA:29,5
DA:31,1
DA:32,4
DA:47,7
DA:50,0
DA:51,0
DA:53,0
DA:54,0
DA:56,0
DA:57,0
DA:85,3
DA:117,1
DA:121,1
DA:122,0
DA:123,1
DA:127,0
DA:131,0
DA:132,0
DA:133,0
DA:136,0
DA:139,0
DA:142,3
DA:144,3
DA:145,9
DA:146,9
DA:148,0
DA:149,0
LF:31
LH:16
end_of_record
SF:lib/src/spring_builder.dart
DA:18,1
DA:79,1
DA:81,1
DA:82,1
DA:83,2
DA:85,1
DA:86,1
DA:87,1
DA:88,1
DA:89,1
DA:107,1
DA:139,1
DA:141,1
DA:142,1
DA:143,2
DA:144,1
DA:145,2
DA:146,3
DA:148,1
DA:149,1
DA:150,1
DA:151,1
DA:152,1
LF:23
LH:23
end_of_record
SF:lib/src/spring_curve.dart
DA:27,1
DA:30,1
DA:38,2
DA:40,1
DA:42,2
DA:49,2
LF:6
LH:6
end_of_record
SF:lib/src/spring_draggable.dart
DA:17,1
DA:242,1
DA:244,1
DA:245,2
DA:246,1
DA:247,1
DA:248,1
DA:249,1
DA:250,1
DA:251,1
DA:252,1
DA:253,1
DA:254,1
DA:255,1
DA:256,1
DA:257,1
DA:258,1
DA:259,1
DA:260,1
DA:261,1
DA:262,1
DA:263,1
DA:264,1
DA:265,1
DA:266,1
LF:25
LH:25
end_of_record
SF:lib/src/spring_simulation_controller.dart
DA:21,1
DA:28,2
DA:34,1
DA:39,1
DA:40,1
DA:45,1
DA:46,2
DA:48,1
DA:50,2
DA:53,1
DA:55,2
DA:56,2
DA:58,1
DA:59,2
DA:61,1
DA:63,1
DA:64,0
DA:66,1
DA:69,1
DA:71,1
DA:72,0
DA:74,1
LF:22
LH:20
end_of_record
SF:lib/src/spring_simulation_controller_2d.dart
DA:18,1
DA:25,1
DA:26,1
DA:34,1
DA:39,1
DA:48,1
DA:50,3
DA:51,3
DA:52,3
DA:53,3
DA:55,1
DA:56,2
DA:58,1
DA:60,2
DA:63,1
DA:64,2
DA:66,1
DA:68,1
DA:69,0
DA:71,1
DA:74,1
DA:76,1
DA:77,0
DA:79,1
DA:86,1
DA:89,1
DA:92,4
DA:98,6
DA:100,1
DA:101,2
DA:103,1
DA:104,3
LF:32
LH:30
end_of_record
SF:lib/src/spring_simulation_controller_base.dart
DA:135,2
DA:140,2
DA:142,4
DA:144,2
DA:147,0
LF:5
LH:4
end_of_record
