SF:lib/src/controllers/motion_controller.dart
DA:48,4
DA:54,4
DA:55,4
DA:56,8
DA:67,0
DA:73,0
DA:81,4
DA:88,12
DA:91,4
DA:92,8
DA:93,4
DA:94,8
DA:97,8
DA:100,12
DA:103,4
DA:106,4
DA:127,0
DA:146,4
DA:147,12
DA:150,1
DA:151,2
DA:152,2
DA:154,2
DA:155,1
DA:156,1
DA:157,1
DA:161,4
DA:163,16
DA:167,8
DA:175,1
DA:176,1
DA:180,4
DA:181,4
DA:183,4
DA:188,4
DA:189,10
DA:191,3
DA:192,9
DA:193,15
DA:198,8
DA:203,2
DA:205,12
DA:207,0
DA:210,4
DA:214,2
DA:215,8
DA:216,2
DA:225,6
DA:228,0
DA:230,0
DA:233,0
DA:235,0
DA:236,0
DA:243,0
DA:246,1
DA:247,1
DA:248,3
DA:249,2
DA:260,4
DA:265,4
DA:266,8
DA:267,4
DA:269,6
DA:272,4
DA:278,4
DA:280,8
DA:281,4
DA:284,4
DA:286,8
DA:287,12
DA:288,12
DA:289,4
DA:290,4
DA:291,4
DA:295,24
DA:296,4
DA:297,8
DA:298,4
DA:299,4
DA:304,16
DA:309,4
DA:310,4
DA:313,12
DA:315,8
DA:317,8
DA:318,24
DA:322,16
DA:323,8
DA:324,4
DA:327,4
DA:328,4
DA:332,2
DA:333,2
DA:335,2
DA:336,6
DA:341,4
DA:342,12
DA:343,8
DA:344,8
DA:356,4
DA:357,12
DA:358,2
DA:359,2
DA:361,6
DA:365,4
DA:366,4
DA:367,4
DA:368,8
DA:373,4
DA:375,8
DA:376,4
DA:377,4
DA:404,2
DA:412,2
DA:413,2
DA:417,0
DA:425,0
DA:426,0
DA:427,0
DA:443,8
DA:448,8
DA:453,2
DA:455,4
DA:456,4
DA:457,2
DA:458,2
DA:459,10
DA:461,2
DA:462,2
DA:468,2
DA:469,2
DA:470,4
DA:471,4
DA:472,1
DA:477,2
DA:481,2
DA:482,2
DA:492,2
DA:496,2
DA:497,2
DA:504,2
DA:511,2
DA:512,4
DA:513,2
DA:514,2
DA:515,10
DA:517,2
DA:519,0
DA:520,0
DA:525,1
DA:527,4
DA:528,0
DA:529,0
DA:531,3
DA:536,1
DA:541,0
DA:542,0
DA:546,12
LF:158
LH:138
end_of_record
SF:lib/src/controllers/single_motion_controller.dart
DA:11,1
DA:16,1
DA:37,1
DA:44,1
LF:4
LH:4
end_of_record
SF:lib/src/motion.dart
DA:15,11
DA:91,1
DA:94,0
DA:96,0
DA:97,0
DA:111,0
DA:118,0
DA:122,0
DA:126,0
DA:127,0
DA:128,0
DA:132,0
DA:134,1
DA:140,1
DA:141,1
DA:142,1
DA:145,1
DA:149,0
DA:151,0
DA:152,0
DA:158,0
DA:159,0
DA:162,0
DA:163,0
DA:180,10
DA:199,3
DA:206,0
DA:219,4
DA:225,4
DA:226,4
DA:230,4
DA:231,4
DA:238,3
DA:240,3
DA:241,15
DA:242,15
DA:243,15
DA:249,0
DA:251,0
DA:254,0
DA:255,0
DA:259,0
DA:263,0
DA:264,0
DA:265,0
DA:277,2
DA:281,2
DA:282,2
DA:289,8
DA:292,2
DA:371,1
DA:372,1
DA:373,2
DA:374,0
DA:375,1
LF:55
LH:28
end_of_record
SF:lib/src/motion_converter.dart
DA:33,12
DA:35,2
DA:36,2
DA:38,2
DA:39,2
DA:45,7
DA:47,2
DA:48,6
DA:50,2
DA:51,6
DA:57,0
DA:59,0
DA:60,0
DA:62,0
DA:63,0
DA:69,0
DA:71,0
DA:72,0
DA:73,0
DA:74,0
DA:75,0
DA:76,0
DA:79,0
DA:80,0
DA:81,0
DA:82,0
DA:83,0
DA:84,0
DA:91,0
DA:93,0
DA:94,0
DA:96,0
DA:97,0
DA:101,1
DA:110,1
DA:111,2
DA:113,1
DA:114,2
LF:38
LH:15
end_of_record
SF:lib/src/spring_curve.dart
DA:27,1
DA:30,1
DA:38,2
DA:40,1
DA:42,2
DA:49,2
LF:6
LH:6
end_of_record
SF:lib/src/widgets/motion_builder.dart
DA:29,1
DA:42,0
DA:120,1
DA:121,1
DA:128,1
DA:131,1
DA:132,3
DA:133,1
DA:136,4
DA:137,2
DA:139,0
DA:140,0
DA:142,0
DA:143,0
DA:147,2
DA:148,0
DA:150,4
DA:151,4
DA:155,1
DA:157,4
DA:158,1
DA:159,2
DA:160,1
DA:162,0
DA:164,0
DA:166,0
DA:169,2
DA:170,1
DA:171,1
DA:172,3
DA:175,4
DA:176,2
DA:177,4
DA:179,4
DA:183,4
DA:184,0
DA:185,0
DA:187,0
DA:188,0
DA:192,1
DA:195,1
DA:197,1
DA:198,1
DA:199,1
DA:200,5
DA:202,2
DA:206,1
DA:208,2
DA:209,1
DA:218,1
DA:227,1
LF:51
LH:38
end_of_record
SF:lib/src/widgets/motion_draggable.dart
DA:41,1
DA:266,1
DA:267,1
DA:278,5
DA:282,1
DA:284,2
DA:285,2
DA:290,3
DA:291,1
DA:294,0
DA:296,0
DA:297,0
DA:299,0
DA:302,1
DA:304,2
DA:305,0
DA:306,0
DA:307,0
DA:308,0
DA:310,0
DA:312,0
DA:319,1
DA:321,1
DA:325,1
DA:329,2
DA:330,1
DA:332,2
DA:335,1
DA:337,2
DA:338,2
DA:339,2
DA:340,2
DA:341,2
DA:342,2
DA:343,2
DA:344,2
DA:345,1
DA:346,3
DA:347,1
DA:349,2
DA:350,2
DA:351,1
DA:353,3
DA:356,3
DA:358,2
DA:360,3
DA:363,2
DA:364,1
DA:365,1
DA:366,2
DA:371,1
DA:373,1
DA:374,2
DA:375,2
DA:376,1
DA:379,1
DA:380,2
DA:381,2
DA:383,2
DA:384,1
DA:387,1
DA:388,1
DA:389,0
DA:392,3
DA:393,2
DA:394,1
DA:397,2
DA:399,1
DA:401,2
DA:402,2
DA:403,1
DA:404,1
DA:405,1
DA:406,2
DA:407,3
DA:408,3
DA:409,1
DA:410,2
DA:411,0
DA:412,0
DA:413,0
DA:415,1
DA:423,2
DA:425,1
DA:427,1
DA:428,1
DA:433,1
DA:434,0
DA:441,1
DA:442,1
DA:443,3
DA:444,3
DA:448,3
DA:449,1
DA:451,2
DA:455,1
DA:457,4
DA:458,2
LF:98
LH:83
end_of_record
SF:lib/src/simulations/curve_simulation.dart
DA:6,1
DA:26,1
DA:28,3
DA:29,1
DA:30,1
DA:33,1
DA:34,1
DA:37,3
DA:39,6
DA:42,0
DA:45,0
DA:46,0
DA:47,0
DA:50,0
DA:53,1
DA:54,3
DA:58,3
LF:17
LH:12
end_of_record
