SF:lib/src/fixed_ticker.dart
DA:53,4
DA:59,7
DA:60,0
DA:73,4
DA:76,3
DA:78,6
DA:79,0
DA:81,6
DA:82,3
DA:83,3
DA:85,6
DA:88,3
DA:90,3
DA:93,3
DA:94,3
DA:103,2
DA:106,4
DA:107,8
DA:108,2
DA:109,2
DA:111,6
DA:113,4
DA:114,2
DA:115,2
DA:122,12
DA:128,4
DA:130,12
DA:132,4
DA:134,4
DA:138,8
DA:139,4
DA:140,4
DA:143,3
DA:147,4
DA:149,4
DA:150,4
DA:153,4
DA:154,4
DA:155,8
DA:158,2
DA:159,6
DA:160,2
DA:163,3
DA:164,3
DA:165,6
DA:168,0
DA:169,0
DA:170,0
DA:172,0
DA:176,4
DA:177,8
DA:178,6
DA:179,4
DA:180,2
DA:182,4
DA:185,2
DA:186,2
DA:187,2
DA:191,4
DA:192,4
DA:193,3
DA:203,12
DA:205,4
DA:206,8
DA:207,7
DA:208,4
DA:210,4
DA:211,12
DA:212,4
DA:214,4
DA:215,8
DA:216,8
DA:217,4
DA:218,5
DA:223,1
DA:224,1
DA:227,4
DA:228,8
DA:231,4
DA:232,8
DA:233,4
DA:236,4
DA:237,8
DA:242,4
DA:257,4
DA:258,8
DA:259,4
DA:260,3
DA:272,1
DA:273,2
DA:274,2
DA:275,1
DA:276,1
DA:279,3
DA:280,9
DA:283,4
DA:284,16
DA:287,4
DA:288,8
DA:289,4
DA:290,2
DA:291,2
DA:295,1
DA:298,3
DA:299,1
DA:300,2
DA:303,0
DA:306,1
DA:307,2
DA:308,1
DA:309,2
DA:311,3
DA:312,1
DA:313,2
DA:314,1
DA:315,3
DA:316,1
DA:317,3
DA:318,2
DA:320,0
DA:321,0
DA:324,0
DA:328,2
DA:329,2
DA:330,2
DA:331,2
DA:332,0
DA:334,2
DA:335,2
DA:338,4
DA:339,8
DA:340,4
DA:341,4
DA:342,0
DA:345,4
DA:347,2
DA:348,6
DA:353,4
DA:354,7
DA:355,2
DA:356,2
DA:357,1
DA:363,8
DA:364,12
DA:367,16
DA:371,4
DA:372,8
DA:373,8
DA:374,8
DA:375,8
DA:376,8
DA:377,8
DA:378,4
DA:379,8
DA:383,2
DA:384,4
DA:385,5
DA:386,1
DA:388,4
DA:389,2
DA:390,2
DA:391,2
DA:392,2
DA:393,4
DA:394,6
DA:395,2
DA:396,2
DA:397,2
DA:398,2
DA:401,4
DA:402,2
DA:404,2
DA:405,6
DA:406,4
DA:408,5
DA:409,2
DA:410,0
DA:411,0
DA:414,1
DA:415,1
DA:418,2
DA:419,4
DA:422,2
DA:423,4
DA:424,4
DA:425,6
DA:426,2
DA:428,4
DA:429,2
DA:432,4
DA:433,8
DA:434,4
DA:436,8
DA:437,12
DA:438,12
DA:440,4
DA:441,12
DA:444,4
DA:446,2
DA:449,8
DA:450,8
DA:451,4
DA:458,4
DA:465,4
DA:466,4
DA:467,4
DA:468,4
DA:471,12
DA:472,8
DA:473,4
DA:474,8
DA:475,4
LF:212
LH:198
end_of_record
SF:lib/src/fixed_ticker_provider.dart
DA:43,2
DA:44,4
DA:50,8
DA:56,9
DA:57,9
DA:58,9
DA:59,18
DA:60,0
DA:63,9
DA:64,9
DA:65,9
DA:66,9
DA:67,18
DA:70,9
DA:72,9
DA:73,9
DA:76,18
DA:77,9
DA:78,2
DA:79,1
DA:83,1
DA:87,1
DA:96,9
DA:99,18
DA:101,9
DA:102,18
DA:103,18
DA:105,9
DA:106,9
DA:114,2
DA:115,2
DA:118,9
DA:121,9
DA:122,9
DA:123,9
DA:126,0
DA:129,0
DA:130,0
DA:133,9
DA:137,18
DA:138,27
DA:139,0
DA:140,0
DA:141,0
DA:142,0
DA:148,0
DA:154,0
DA:156,9
DA:159,27
DA:160,9
DA:161,9
DA:166,9
DA:168,18
DA:169,18
DA:170,9
DA:171,9
DA:172,27
DA:173,9
DA:176,9
DA:177,9
DA:178,8
DA:182,0
DA:184,0
DA:186,0
DA:187,0
DA:189,0
DA:191,0
DA:197,0
DA:198,0
DA:200,0
DA:241,2
DA:242,4
DA:248,5
DA:254,6
DA:255,6
DA:256,6
DA:257,12
DA:258,0
DA:261,6
DA:262,6
DA:263,6
DA:264,18
DA:266,6
DA:267,12
DA:271,6
DA:274,6
DA:275,6
DA:277,6
DA:278,6
DA:280,6
DA:281,12
DA:283,12
DA:285,12
DA:294,1
DA:295,1
DA:298,6
DA:299,6
DA:301,12
DA:304,12
DA:307,6
DA:310,6
DA:311,6
DA:312,6
DA:315,0
DA:318,0
DA:319,0
DA:322,6
DA:326,12
DA:327,6
DA:328,12
DA:329,0
DA:330,0
DA:331,0
DA:332,0
DA:334,0
DA:335,0
DA:341,0
DA:347,0
DA:353,6
DA:356,18
DA:357,6
DA:358,6
DA:363,6
DA:365,12
DA:366,12
DA:367,6
DA:368,6
DA:369,18
DA:370,6
DA:373,6
DA:374,6
DA:375,2
DA:376,3
DA:377,1
DA:382,0
DA:384,0
DA:385,0
DA:386,0
DA:388,0
DA:389,0
DA:390,0
DA:391,0
DA:400,2
DA:410,2
DA:412,4
DA:413,2
LF:146
LH:107
end_of_record
SF:lib/src/ticker_rate.dart
DA:12,6
DA:21,4
DA:22,8
DA:23,4
DA:24,12
DA:35,2
DA:37,3
DA:40,4
DA:41,4
DA:43,1
DA:44,2
DA:52,5
DA:57,4
DA:59,16
DA:61,1
DA:62,2
LF:16
LH:16
end_of_record
SF:lib/src/ticker_rate_scope.dart
DA:19,2
DA:30,2
DA:31,4
DA:36,1
DA:37,1
DA:40,2
DA:41,6
LF:7
LH:7
end_of_record
SF:lib/src/testing/widget_tester_extensions.dart
DA:18,1
DA:23,4
DA:25,4
DA:26,1
DA:28,1
DA:29,1
DA:30,3
LF:7
LH:7
end_of_record
