SF:lib/src/fixed_ticker.dart
DA:47,3
DA:52,5
DA:53,0
DA:65,4
DA:68,3
DA:70,6
DA:71,0
DA:73,6
DA:74,3
DA:75,3
DA:77,6
DA:80,3
DA:82,3
DA:85,3
DA:86,3
DA:98,3
DA:99,3
DA:101,3
DA:103,3
DA:107,6
DA:108,3
DA:109,3
DA:112,3
DA:116,3
DA:118,3
DA:119,3
DA:122,3
DA:123,4
DA:124,9
DA:125,3
DA:128,3
DA:129,6
DA:130,6
DA:131,9
DA:133,3
DA:137,3
DA:138,6
DA:139,6
DA:140,3
DA:142,3
DA:145,3
DA:146,3
DA:147,2
LF:43
LH:41
end_of_record
SF:lib/src/fixed_ticker_provider.dart
DA:43,2
DA:44,4
DA:49,9
DA:50,9
DA:51,18
DA:52,9
DA:53,27
DA:56,9
DA:58,9
DA:59,9
DA:62,18
DA:63,9
DA:64,2
DA:65,1
DA:69,1
DA:73,1
DA:82,9
DA:85,18
DA:87,9
DA:88,18
DA:90,9
DA:91,9
DA:99,2
DA:100,2
DA:103,9
DA:106,9
DA:107,9
DA:108,9
DA:111,0
DA:114,0
DA:115,0
DA:118,9
DA:122,18
DA:123,27
DA:124,0
DA:125,0
DA:126,0
DA:127,0
DA:133,0
DA:139,0
DA:141,9
DA:144,27
DA:145,9
DA:146,9
DA:151,9
DA:153,18
DA:154,18
DA:155,9
DA:156,9
DA:157,27
DA:158,9
DA:161,9
DA:162,9
DA:163,8
DA:167,0
DA:169,0
DA:171,0
DA:172,0
DA:174,0
DA:176,0
DA:182,0
DA:183,0
DA:185,0
DA:226,2
DA:227,4
DA:232,6
DA:233,6
DA:234,12
DA:235,6
DA:236,6
DA:237,18
DA:238,12
DA:242,6
DA:245,6
DA:246,6
DA:248,6
DA:249,6
DA:251,6
DA:253,12
DA:255,12
DA:264,1
DA:265,1
DA:268,6
DA:269,6
DA:271,12
DA:274,12
DA:277,6
DA:280,6
DA:281,6
DA:282,6
DA:285,0
DA:288,0
DA:289,0
DA:292,6
DA:296,12
DA:297,6
DA:298,12
DA:299,0
DA:300,0
DA:301,0
DA:302,0
DA:304,0
DA:305,0
DA:311,0
DA:317,0
DA:323,6
DA:326,18
DA:327,6
DA:328,6
DA:333,6
DA:335,12
DA:336,12
DA:337,6
DA:338,6
DA:339,18
DA:340,6
DA:343,6
DA:344,6
DA:345,2
DA:346,3
DA:347,1
DA:352,0
DA:354,0
DA:355,0
DA:356,0
DA:358,0
DA:359,0
DA:360,0
DA:361,0
DA:370,2
DA:379,2
DA:381,4
DA:382,2
LF:133
LH:96
end_of_record
SF:lib/src/ticker_rate.dart
DA:12,5
DA:21,3
DA:22,6
DA:23,3
DA:24,9
DA:35,2
DA:37,3
DA:40,4
DA:41,4
DA:43,1
DA:44,2
DA:52,4
DA:57,4
DA:59,16
DA:61,1
DA:62,2
LF:16
LH:16
end_of_record
SF:lib/src/ticker_rate_scope.dart
DA:19,2
DA:30,2
DA:31,4
DA:36,1
DA:37,1
DA:40,2
DA:41,6
LF:7
LH:7
end_of_record
SF:lib/src/testing/widget_tester_extensions.dart
DA:18,1
DA:23,4
DA:25,4
DA:26,1
DA:28,1
DA:29,1
DA:30,3
LF:7
LH:7
end_of_record
