SF:lib/src/motion.dart
DA:18,8
DA:125,2
DA:128,2
DA:142,0
DA:149,0
DA:153,0
DA:157,0
DA:160,0
DA:162,5
DA:168,5
DA:169,5
DA:170,5
DA:173,5
DA:177,3
DA:179,3
DA:180,15
DA:186,2
DA:187,6
DA:190,0
DA:191,0
DA:197,2
DA:199,0
DA:200,0
DA:211,2
DA:216,0
DA:217,0
DA:219,4
DA:225,4
DA:226,4
DA:228,4
DA:232,0
DA:235,0
DA:261,5
DA:284,7
DA:291,0
DA:304,10
DA:310,10
DA:311,10
DA:315,10
DA:316,10
DA:323,7
DA:325,7
DA:326,35
DA:327,35
DA:328,35
DA:334,0
DA:336,0
DA:339,0
DA:340,0
DA:349,3
DA:352,3
DA:357,0
DA:358,0
DA:360,0
DA:365,0
DA:366,0
DA:367,0
DA:385,3
DA:389,3
DA:397,0
DA:401,0
DA:403,0
DA:414,0
DA:418,0
DA:420,0
DA:430,0
DA:434,0
DA:447,2
DA:451,2
DA:453,2
DA:463,9
DA:464,9
DA:465,9
DA:466,9
DA:471,1
DA:477,1
DA:478,2
DA:479,0
DA:480,1
DA:501,0
DA:505,0
DA:514,0
DA:516,0
DA:528,0
DA:530,0
DA:542,0
DA:544,0
DA:557,0
DA:559,0
DA:572,0
DA:574,0
DA:587,0
DA:589,0
DA:602,0
DA:604,0
DA:617,0
DA:619,0
DA:632,0
DA:634,0
DA:647,0
DA:649,0
DA:662,0
DA:664,0
DA:677,0
DA:679,0
DA:695,0
DA:696,0
DA:697,0
DA:698,0
DA:702,0
DA:708,0
DA:709,0
DA:710,0
DA:711,0
DA:757,3
DA:761,6
DA:762,6
DA:764,10
DA:778,0
DA:779,0
DA:781,0
DA:782,0
DA:784,0
DA:785,0
DA:787,3
DA:793,12
DA:796,9
DA:797,9
DA:799,6
DA:805,3
DA:807,3
DA:808,3
DA:815,1
DA:817,1
DA:818,3
DA:819,3
DA:820,0
DA:825,0
DA:826,0
DA:828,0
DA:830,0
DA:834,3
DA:841,6
DA:842,6
DA:852,3
DA:854,6
DA:855,3
DA:862,3
DA:864,5
DA:865,7
DA:868,9
DA:869,3
DA:870,6
DA:873,6
DA:874,3
DA:875,9
DA:878,9
DA:879,9
DA:880,6
DA:883,9
DA:884,0
DA:887,6
DA:888,3
DA:889,18
DA:892,2
DA:894,6
DA:898,2
DA:899,2
DA:900,3
DA:903,2
DA:904,10
DA:934,2
DA:938,2
DA:946,2
DA:950,6
DA:951,6
DA:952,4
DA:953,2
DA:956,2
DA:961,1
DA:965,3
DA:966,1
DA:969,2
LF:183
LH:103
end_of_record
SF:lib/src/motion_sequence.dart
DA:24,0
DA:54,3
DA:109,1
DA:114,1
DA:125,1
DA:129,1
DA:144,2
DA:149,2
DA:164,9
DA:184,1
DA:188,2
DA:197,1
DA:201,1
DA:202,1
DA:203,1
DA:204,1
DA:205,1
DA:206,1
DA:207,1
DA:210,2
DA:214,0
DA:215,0
DA:216,0
DA:217,0
DA:218,0
DA:219,0
DA:230,2
DA:238,1
DA:250,2
DA:251,2
DA:252,1
DA:253,2
DA:256,2
DA:257,8
DA:264,2
DA:265,6
DA:267,2
DA:268,4
DA:270,1
DA:274,1
DA:278,2
DA:282,2
DA:283,2
DA:284,2
DA:285,6
DA:286,5
DA:287,2
DA:290,0
DA:296,0
DA:297,0
DA:298,0
DA:299,0
DA:300,0
DA:301,0
DA:302,0
DA:303,0
DA:304,0
DA:305,0
DA:309,0
DA:313,0
DA:325,1
DA:333,1
DA:350,4
DA:352,15
DA:354,4
DA:355,10
DA:357,3
DA:361,3
DA:365,4
DA:368,2
DA:369,2
DA:370,2
DA:371,6
DA:372,5
DA:373,2
DA:381,1
DA:382,1
DA:392,1
DA:403,1
DA:404,2
DA:406,1
DA:407,2
DA:409,1
DA:410,2
DA:412,0
DA:413,0
DA:415,1
DA:416,1
DA:417,1
DA:418,3
DA:419,1
DA:420,1
DA:446,3
DA:455,6
DA:456,24
DA:461,2
DA:462,4
DA:465,3
DA:466,18
DA:469,8
DA:480,3
DA:481,3
DA:483,3
DA:484,6
DA:486,2
DA:491,6
DA:495,4
DA:496,4
DA:500,1
DA:501,4
DA:504,4
DA:505,4
DA:506,4
DA:509,2
DA:510,2
DA:512,4
DA:513,2
DA:514,2
DA:518,0
DA:521,1
DA:522,1
DA:523,1
DA:524,3
DA:525,1
DA:526,1
DA:530,1
DA:531,1
DA:532,1
DA:533,1
DA:534,2
DA:536,0
DA:537,0
DA:538,0
DA:539,0
DA:542,0
DA:546,5
DA:551,2
DA:554,2
DA:556,2
DA:557,2
DA:558,2
DA:559,2
DA:561,2
DA:562,0
DA:565,2
DA:566,6
DA:567,6
DA:568,4
DA:584,0
DA:587,0
DA:600,0
DA:604,0
DA:624,1
DA:628,1
DA:648,0
DA:652,0
DA:653,0
DA:668,0
DA:672,0
DA:673,0
DA:674,0
LF:161
LH:121
end_of_record
SF:lib/src/controllers/motion_controller.dart
DA:52,9
DA:59,9
DA:60,9
DA:61,18
DA:72,1
DA:79,1
DA:88,9
DA:96,27
DA:100,9
DA:101,9
DA:102,9
DA:103,9
DA:104,18
DA:107,18
DA:110,27
DA:113,9
DA:116,9
DA:119,18
DA:126,3
DA:127,6
DA:129,9
DA:131,12
DA:136,3
DA:138,9
DA:139,3
DA:143,18
DA:158,0
DA:177,9
DA:178,27
DA:185,6
DA:186,12
DA:187,12
DA:189,12
DA:190,6
DA:193,6
DA:195,6
DA:196,6
DA:200,9
DA:202,36
DA:206,18
DA:216,2
DA:217,2
DA:221,9
DA:222,9
DA:224,9
DA:233,9
DA:234,9
DA:235,8
DA:236,24
DA:237,40
DA:242,8
DA:250,24
DA:255,3
DA:257,18
DA:259,0
DA:262,6
DA:266,2
DA:267,8
DA:268,2
DA:277,9
DA:280,0
DA:282,0
DA:285,0
DA:287,0
DA:288,0
DA:295,0
DA:306,7
DA:307,21
DA:308,7
DA:315,7
DA:316,7
DA:317,21
DA:325,1
DA:326,2
DA:330,8
DA:331,16
DA:332,9
DA:334,16
DA:340,9
DA:341,36
DA:342,10
DA:346,2
DA:347,2
DA:348,6
DA:349,4
DA:360,9
DA:365,9
DA:366,18
DA:367,6
DA:369,12
DA:370,27
DA:373,9
DA:379,9
DA:381,18
DA:384,9
DA:388,9
DA:391,9
DA:393,18
DA:394,27
DA:395,27
DA:396,9
DA:397,9
DA:398,9
DA:402,54
DA:403,9
DA:404,18
DA:405,9
DA:406,9
DA:411,18
DA:412,36
DA:418,9
DA:419,9
DA:421,9
DA:423,18
DA:425,18
DA:426,54
DA:430,36
DA:431,16
DA:432,8
DA:435,9
DA:436,9
DA:440,2
DA:441,2
DA:443,2
DA:444,6
DA:449,9
DA:450,27
DA:451,18
DA:452,18
DA:464,8
DA:465,28
DA:466,3
DA:467,3
DA:469,14
DA:473,9
DA:474,9
DA:475,9
DA:476,16
DA:481,9
DA:483,18
DA:484,9
DA:485,9
DA:512,2
DA:521,2
DA:522,2
DA:526,0
DA:535,0
DA:536,0
DA:537,0
DA:553,8
DA:558,8
DA:564,2
DA:566,4
DA:567,4
DA:568,2
DA:569,2
DA:570,10
DA:572,2
DA:575,2
DA:577,2
DA:583,2
DA:584,2
DA:585,8
DA:587,8
DA:589,2
DA:594,2
DA:598,2
DA:599,2
DA:610,2
DA:614,2
DA:615,2
DA:621,2
DA:627,2
DA:629,6
DA:630,2
DA:634,2
DA:638,2
DA:643,2
DA:644,4
DA:645,2
DA:646,2
DA:647,10
DA:649,4
DA:652,2
DA:658,4
DA:659,2
DA:660,2
DA:661,10
DA:664,2
DA:666,0
DA:667,0
DA:668,2
DA:672,1
DA:674,4
DA:675,0
DA:676,0
DA:678,4
DA:683,3
DA:688,0
DA:689,0
DA:715,3
DA:725,1
DA:732,1
DA:759,4
DA:762,2
DA:765,2
DA:768,0
DA:769,0
DA:771,0
DA:772,0
DA:774,0
DA:777,3
DA:779,12
DA:782,0
DA:785,0
DA:788,0
DA:790,0
DA:800,3
DA:807,3
DA:809,6
DA:810,0
DA:814,3
DA:815,3
DA:816,3
DA:817,3
DA:820,3
DA:821,9
DA:823,9
DA:824,0
DA:828,3
DA:829,0
DA:833,3
DA:836,3
DA:837,3
DA:838,3
DA:839,6
DA:840,3
DA:841,3
DA:844,3
DA:846,0
DA:847,0
DA:858,3
DA:859,6
DA:861,3
DA:862,6
DA:863,3
DA:866,3
DA:868,3
DA:870,3
DA:871,6
DA:874,3
DA:878,6
DA:879,9
DA:880,3
DA:881,6
DA:882,3
DA:883,3
DA:888,6
DA:892,3
DA:893,3
DA:895,3
DA:896,3
DA:897,3
DA:898,3
DA:899,3
DA:901,3
DA:904,3
DA:906,3
DA:908,3
DA:911,3
DA:916,3
DA:917,3
DA:920,6
DA:921,3
DA:923,6
DA:926,6
DA:927,9
DA:928,9
DA:933,12
DA:935,2
DA:937,4
DA:940,3
DA:941,3
DA:945,2
DA:946,4
DA:947,0
DA:951,2
DA:952,4
DA:955,6
DA:958,2
DA:960,2
DA:961,2
DA:962,1
DA:965,2
DA:968,2
DA:971,1
DA:974,2
DA:975,4
DA:976,2
DA:977,2
DA:979,2
DA:981,2
DA:983,2
DA:986,2
DA:989,4
DA:990,2
DA:991,2
DA:993,3
DA:994,1
DA:1003,1
DA:1004,1
DA:1006,1
DA:1007,1
DA:1008,1
DA:1010,1
DA:1014,3
DA:1016,1
DA:1019,2
DA:1020,1
DA:1021,1
DA:1025,1
DA:1026,1
DA:1028,1
DA:1029,2
DA:1030,1
DA:1033,3
DA:1035,1
DA:1036,1
DA:1039,1
DA:1042,3
DA:1043,1
DA:1044,2
DA:1049,3
DA:1052,3
DA:1055,3
DA:1058,3
DA:1065,3
DA:1068,3
DA:1075,3
DA:1078,3
DA:1081,3
DA:1084,3
DA:1086,3
DA:1087,3
DA:1092,36
DA:1096,9
DA:1097,9
DA:1098,7
DA:1099,7
LF:349
LH:316
end_of_record
SF:lib/src/controllers/single_motion_controller.dart
DA:12,2
DA:18,2
DA:40,1
DA:48,1
LF:4
LH:4
end_of_record
SF:lib/src/motion_converter.dart
DA:25,6
DA:78,0
DA:79,0
DA:80,0
DA:81,0
DA:82,0
DA:83,0
DA:85,0
DA:128,7
DA:129,7
DA:136,2
DA:138,8
DA:139,8
DA:141,8
DA:142,8
DA:148,2
DA:150,5
DA:151,15
DA:153,5
DA:154,15
DA:160,2
DA:162,0
DA:163,0
DA:165,0
DA:166,0
DA:172,2
DA:174,0
DA:175,0
DA:176,0
DA:177,0
DA:178,0
DA:179,0
DA:182,0
DA:183,0
DA:184,0
DA:185,0
DA:186,0
DA:187,0
DA:194,2
DA:196,0
DA:197,0
DA:199,0
DA:200,0
DA:206,2
DA:208,1
DA:209,1
DA:210,1
DA:211,1
DA:212,1
DA:213,1
DA:216,1
DA:217,1
DA:218,2
DA:219,2
DA:220,2
DA:221,2
DA:228,2
DA:230,1
DA:231,1
DA:232,1
DA:233,1
DA:234,1
DA:235,1
DA:238,1
DA:239,1
DA:240,1
DA:241,1
DA:242,1
DA:243,1
DA:251,2
DA:253,1
DA:254,1
DA:255,1
DA:256,1
DA:257,1
DA:258,1
DA:261,1
DA:263,1
DA:264,1
DA:265,1
DA:266,1
DA:267,1
DA:272,4
DA:282,4
DA:283,8
DA:285,4
DA:286,8
DA:291,1
DA:305,1
DA:306,2
DA:308,1
DA:309,2
DA:311,1
DA:312,2
LF:94
LH:67
end_of_record
SF:lib/src/motion_curve.dart
DA:32,1
DA:35,1
DA:43,2
DA:45,1
DA:47,2
DA:54,2
DA:57,0
DA:58,0
LF:8
LH:6
end_of_record
SF:lib/src/motion_velocity_tracker.dart
DA:12,2
DA:32,2
DA:39,9
DA:41,9
DA:42,0
DA:45,9
DA:50,0
DA:52,1
DA:80,10
DA:94,8
DA:95,24
DA:96,8
DA:103,8
DA:104,8
DA:105,8
DA:106,8
DA:108,32
DA:109,40
DA:113,4
DA:114,12
DA:115,16
DA:116,8
DA:117,8
DA:123,6
DA:124,3
DA:125,0
DA:128,6
DA:131,9
DA:132,15
DA:141,9
DA:142,27
DA:145,4
DA:147,12
DA:149,3
DA:150,1
DA:158,8
DA:159,8
DA:160,4
DA:162,4
DA:164,4
DA:165,6
DA:166,6
DA:167,12
DA:172,4
DA:173,4
DA:174,4
DA:177,8
DA:178,20
DA:185,0
DA:186,0
DA:195,8
DA:196,12
DA:199,4
DA:200,8
DA:202,4
DA:203,8
DA:211,4
DA:232,0
DA:233,0
DA:234,0
LF:60
LH:52
end_of_record
SF:lib/src/phase_transition.dart
DA:12,1
DA:22,0
DA:23,0
DA:24,0
DA:33,1
DA:38,1
DA:41,1
DA:42,3
DA:43,3
DA:45,0
DA:46,0
DA:48,0
DA:49,0
DA:57,1
DA:68,1
DA:71,1
DA:72,3
DA:73,3
DA:74,3
DA:76,0
DA:77,0
DA:79,0
DA:80,0
LF:23
LH:12
end_of_record
SF:lib/src/widgets/motion/motion_padding.dart
DA:16,0
DA:32,0
DA:34,0
DA:35,0
DA:36,0
DA:37,0
DA:38,0
DA:39,0
DA:40,0
DA:41,0
DA:44,0
DA:45,0
DA:50,0
LF:13
LH:0
end_of_record
SF:lib/src/widgets/motion_builder.dart
DA:28,2
DA:41,0
DA:51,0
DA:61,2
DA:62,2
DA:66,2
DA:67,2
DA:69,2
DA:71,10
DA:80,2
DA:89,2
LF:11
LH:9
end_of_record
SF:lib/src/widgets/motion_draggable.dart
DA:41,1
DA:266,1
DA:267,1
DA:278,5
DA:282,1
DA:284,2
DA:285,2
DA:290,3
DA:291,1
DA:294,0
DA:296,0
DA:297,0
DA:299,0
DA:302,1
DA:304,2
DA:305,0
DA:306,0
DA:307,0
DA:308,0
DA:310,0
DA:312,0
DA:319,1
DA:321,1
DA:325,1
DA:329,2
DA:330,1
DA:332,2
DA:335,1
DA:337,2
DA:338,2
DA:339,2
DA:340,2
DA:341,2
DA:342,2
DA:343,2
DA:344,2
DA:345,1
DA:346,3
DA:347,1
DA:349,2
DA:350,2
DA:351,1
DA:353,3
DA:356,3
DA:358,2
DA:360,3
DA:363,2
DA:364,1
DA:365,1
DA:366,2
DA:371,1
DA:373,1
DA:374,2
DA:375,2
DA:376,1
DA:379,1
DA:380,2
DA:381,2
DA:383,2
DA:384,1
DA:387,1
DA:388,1
DA:389,0
DA:392,3
DA:393,2
DA:394,1
DA:397,2
DA:399,1
DA:401,2
DA:402,2
DA:403,1
DA:404,1
DA:405,1
DA:406,2
DA:407,3
DA:408,3
DA:409,1
DA:410,2
DA:411,0
DA:412,0
DA:413,0
DA:415,1
DA:423,2
DA:425,1
DA:427,1
DA:428,1
DA:433,1
DA:434,0
DA:441,1
DA:442,1
DA:443,3
DA:444,3
DA:448,3
DA:449,1
DA:451,2
DA:455,1
DA:457,4
DA:458,2
LF:98
LH:83
end_of_record
SF:lib/src/widgets/sequence_motion_builder.dart
DA:61,2
DA:109,2
DA:111,2
DA:119,2
DA:121,2
DA:124,10
DA:125,4
DA:126,6
DA:131,4
DA:132,2
DA:133,4
DA:136,4
DA:137,4
DA:140,2
DA:143,2
DA:146,2
DA:148,2
DA:151,8
DA:152,1
DA:153,3
DA:155,2
DA:156,0
DA:162,8
DA:163,8
DA:164,8
DA:165,8
DA:170,2
DA:173,1
DA:176,2
DA:180,2
DA:182,2
DA:183,4
DA:184,2
DA:185,2
DA:188,2
DA:189,4
DA:191,6
DA:193,12
DA:196,2
DA:197,4
DA:199,4
DA:202,4
DA:204,2
DA:211,4
DA:212,4
DA:213,4
DA:214,4
DA:218,2
DA:220,4
DA:221,6
DA:224,4
DA:225,4
DA:228,4
DA:229,2
DA:230,2
DA:232,2
DA:237,2
DA:238,4
DA:241,4
DA:243,0
DA:244,0
DA:246,0
DA:250,2
DA:254,2
DA:255,6
DA:256,6
DA:258,2
DA:260,4
DA:263,6
DA:264,5
DA:265,1
DA:266,1
DA:272,2
DA:275,4
DA:276,2
DA:278,6
DA:284,4
DA:285,6
DA:286,2
DA:287,6
DA:292,2
DA:293,2
DA:295,4
DA:297,2
DA:298,1
DA:301,3
DA:302,0
DA:308,2
DA:309,2
DA:310,4
DA:314,2
DA:316,4
DA:317,4
DA:318,3
DA:320,6
DA:322,4
DA:324,4
LF:97
LH:92
end_of_record
SF:lib/src/widgets/velocity_motion_builder.dart
DA:43,1
DA:57,0
DA:67,0
DA:77,1
DA:78,1
DA:83,1
DA:85,1
DA:87,1
DA:89,3
DA:91,2
DA:92,2
DA:103,1
DA:112,1
LF:13
LH:11
end_of_record
SF:lib/src/simulations/curve_simulation.dart
DA:6,5
DA:26,5
DA:28,15
DA:30,5
DA:31,4
DA:34,15
DA:36,30
DA:39,2
DA:42,4
DA:43,4
DA:44,4
DA:47,6
DA:50,5
DA:51,15
DA:55,15
LF:15
LH:15
end_of_record
SF:lib/src/simulations/no_motion_simulation.dart
DA:6,4
DA:18,4
DA:20,4
DA:23,3
DA:28,4
DA:29,12
DA:33,12
LF:7
LH:7
end_of_record
SF:lib/src/widgets/base_motion_builder.dart
DA:9,3
DA:21,0
DA:100,3
DA:102,3
DA:103,9
DA:104,3
DA:107,12
DA:108,6
DA:110,0
DA:111,0
DA:113,0
DA:114,0
DA:118,6
DA:119,0
DA:121,12
DA:122,8
DA:126,3
DA:128,12
DA:129,8
DA:132,12
DA:133,3
DA:134,6
DA:135,3
DA:137,0
DA:139,0
DA:141,0
DA:144,6
DA:145,2
DA:146,2
DA:147,6
DA:150,12
DA:151,6
DA:152,12
DA:154,8
DA:158,12
DA:159,0
DA:160,0
DA:162,0
DA:163,0
DA:167,3
DA:176,3
DA:178,3
DA:179,3
DA:180,3
DA:181,6
DA:185,3
DA:187,6
DA:188,3
LF:48
LH:35
end_of_record
SF:lib/src/widgets/layout/padding_extended.dart
DA:19,1
DA:31,1
DA:33,1
DA:34,1
DA:35,1
DA:39,1
DA:45,2
DA:46,2
DA:49,0
DA:51,0
DA:52,0
DA:61,1
DA:67,1
DA:70,1
DA:72,4
DA:76,1
DA:77,1
DA:78,1
DA:82,2
DA:84,1
DA:86,2
DA:89,1
DA:90,1
DA:94,2
DA:96,1
DA:97,2
DA:100,1
DA:101,1
DA:104,1
DA:106,1
DA:108,1
DA:110,1
DA:111,5
DA:112,1
DA:114,0
DA:117,1
DA:120,0
DA:122,0
DA:124,0
DA:125,0
DA:126,0
DA:127,0
DA:129,0
DA:131,0
DA:134,1
DA:136,1
DA:138,1
DA:139,2
DA:140,3
DA:141,1
DA:142,1
DA:144,0
DA:146,1
DA:149,0
DA:151,0
DA:153,0
DA:154,0
DA:155,0
DA:156,0
DA:157,0
DA:159,0
DA:161,0
DA:164,0
DA:167,0
DA:168,0
DA:169,0
DA:170,0
DA:171,0
DA:172,0
DA:177,0
DA:178,0
DA:182,0
DA:183,0
DA:184,0
DA:185,0
DA:190,0
DA:195,0
DA:199,0
DA:200,0
DA:202,0
DA:203,0
DA:207,1
DA:209,1
DA:210,1
DA:211,1
DA:212,2
DA:213,1
DA:214,2
DA:215,2
DA:222,1
DA:223,2
DA:225,2
DA:227,4
DA:230,2
DA:231,1
DA:232,6
DA:233,6
DA:238,0
DA:240,0
DA:243,0
DA:244,0
DA:245,0
DA:246,0
DA:248,0
DA:251,0
DA:255,0
DA:257,0
DA:259,0
DA:260,0
DA:261,0
DA:263,0
LF:111
LH:56
end_of_record
