SF:lib/src/controllers/motion_controller.dart
DA:48,5
DA:54,5
DA:55,5
DA:56,10
DA:67,0
DA:73,0
DA:81,5
DA:88,15
DA:91,5
DA:92,10
DA:93,5
DA:94,10
DA:97,10
DA:100,15
DA:103,5
DA:106,5
DA:127,0
DA:146,5
DA:147,15
DA:150,2
DA:151,4
DA:152,4
DA:154,4
DA:155,2
DA:156,2
DA:157,2
DA:161,5
DA:163,20
DA:167,10
DA:175,1
DA:176,1
DA:180,5
DA:181,5
DA:183,5
DA:188,5
DA:189,13
DA:191,4
DA:192,12
DA:193,20
DA:198,12
DA:203,2
DA:205,12
DA:207,0
DA:210,4
DA:214,2
DA:215,8
DA:216,2
DA:225,6
DA:228,0
DA:230,0
DA:233,0
DA:235,0
DA:236,0
DA:243,0
DA:246,1
DA:247,1
DA:248,3
DA:249,2
DA:260,5
DA:265,5
DA:266,10
DA:267,4
DA:269,6
DA:272,5
DA:278,5
DA:280,10
DA:281,5
DA:284,5
DA:286,10
DA:287,15
DA:288,15
DA:289,5
DA:290,5
DA:291,5
DA:295,30
DA:296,5
DA:297,10
DA:298,5
DA:299,5
DA:304,20
DA:309,5
DA:310,5
DA:313,15
DA:315,10
DA:317,10
DA:318,30
DA:322,20
DA:323,8
DA:324,4
DA:327,5
DA:328,5
DA:332,2
DA:333,2
DA:335,2
DA:336,6
DA:341,5
DA:342,15
DA:343,10
DA:344,10
DA:356,5
DA:357,16
DA:358,2
DA:359,2
DA:361,8
DA:365,5
DA:366,5
DA:367,5
DA:368,8
DA:373,5
DA:375,10
DA:376,5
DA:377,5
DA:404,2
DA:412,2
DA:413,2
DA:417,0
DA:425,0
DA:426,0
DA:427,0
DA:443,8
DA:448,8
DA:453,2
DA:455,4
DA:456,4
DA:457,2
DA:458,2
DA:459,10
DA:461,2
DA:462,2
DA:468,2
DA:469,2
DA:470,4
DA:471,4
DA:472,1
DA:477,2
DA:481,2
DA:482,2
DA:492,2
DA:496,2
DA:497,2
DA:504,2
DA:511,2
DA:512,4
DA:513,2
DA:514,2
DA:515,10
DA:517,2
DA:519,0
DA:520,0
DA:525,1
DA:527,4
DA:528,0
DA:529,0
DA:531,3
DA:536,2
DA:541,0
DA:542,0
DA:546,16
LF:158
LH:138
end_of_record
SF:lib/src/controllers/single_motion_controller.dart
DA:11,1
DA:16,1
DA:37,1
DA:44,1
LF:4
LH:4
end_of_record
SF:lib/src/motion.dart
DA:15,5
DA:76,0
DA:79,0
DA:93,0
DA:100,0
DA:104,0
DA:108,0
DA:109,0
DA:110,0
DA:114,0
DA:116,1
DA:122,1
DA:123,1
DA:124,1
DA:127,1
DA:131,0
DA:133,0
DA:134,0
DA:140,0
DA:141,0
DA:144,0
DA:145,0
DA:153,0
DA:155,0
DA:156,0
DA:179,5
DA:200,4
DA:207,0
DA:220,6
DA:226,6
DA:227,6
DA:231,6
DA:232,6
DA:239,5
DA:241,5
DA:242,25
DA:243,25
DA:244,25
DA:250,0
DA:252,0
DA:255,0
DA:256,0
DA:265,2
DA:268,2
DA:273,0
DA:274,0
DA:276,0
DA:281,0
DA:282,0
DA:283,0
DA:297,4
DA:301,4
DA:307,1
DA:311,1
DA:313,1
DA:322,1
DA:326,1
DA:328,1
DA:336,2
DA:340,2
DA:351,3
DA:355,3
DA:357,3
DA:367,6
DA:368,6
DA:369,6
DA:370,6
DA:375,1
DA:381,1
DA:382,2
DA:383,0
DA:384,1
DA:405,3
DA:409,3
DA:421,0
DA:422,0
DA:423,0
DA:424,0
DA:570,0
DA:576,0
DA:577,0
DA:578,0
DA:579,0
LF:83
LH:43
end_of_record
SF:lib/src/motion_converter.dart
DA:33,3
DA:35,3
DA:36,3
DA:38,3
DA:39,3
DA:45,3
DA:47,2
DA:48,6
DA:50,2
DA:51,6
DA:57,0
DA:59,0
DA:60,0
DA:62,0
DA:63,0
DA:69,0
DA:71,0
DA:72,0
DA:73,0
DA:74,0
DA:75,0
DA:76,0
DA:79,0
DA:80,0
DA:81,0
DA:82,0
DA:83,0
DA:84,0
DA:91,0
DA:93,0
DA:94,0
DA:96,0
DA:97,0
DA:101,2
DA:110,2
DA:111,4
DA:113,2
DA:114,4
LF:38
LH:15
end_of_record
SF:lib/src/motion_curve.dart
DA:32,1
DA:35,1
DA:43,2
DA:45,1
DA:47,2
DA:54,2
DA:57,0
DA:58,0
LF:8
LH:6
end_of_record
SF:lib/src/widgets/motion_builder.dart
DA:28,1
DA:41,0
DA:51,0
DA:61,1
DA:62,1
DA:66,1
DA:67,1
DA:69,1
DA:71,5
DA:80,1
DA:89,1
LF:11
LH:9
end_of_record
SF:lib/src/widgets/motion_draggable.dart
DA:41,1
DA:266,1
DA:267,1
DA:278,5
DA:282,1
DA:284,2
DA:285,2
DA:290,3
DA:291,1
DA:294,0
DA:296,0
DA:297,0
DA:299,0
DA:302,1
DA:304,2
DA:305,0
DA:306,0
DA:307,0
DA:308,0
DA:310,0
DA:312,0
DA:319,1
DA:321,1
DA:325,1
DA:329,2
DA:330,1
DA:332,2
DA:335,1
DA:337,2
DA:338,2
DA:339,2
DA:340,2
DA:341,2
DA:342,2
DA:343,2
DA:344,2
DA:345,1
DA:346,3
DA:347,1
DA:349,2
DA:350,2
DA:351,1
DA:353,3
DA:356,3
DA:358,2
DA:360,3
DA:363,2
DA:364,1
DA:365,1
DA:366,2
DA:371,1
DA:373,1
DA:374,2
DA:375,2
DA:376,1
DA:379,1
DA:380,2
DA:381,2
DA:383,2
DA:384,1
DA:387,1
DA:388,1
DA:389,0
DA:392,3
DA:393,2
DA:394,1
DA:397,2
DA:399,1
DA:401,2
DA:402,2
DA:403,1
DA:404,1
DA:405,1
DA:406,2
DA:407,3
DA:408,3
DA:409,1
DA:410,2
DA:411,0
DA:412,0
DA:413,0
DA:415,1
DA:423,2
DA:425,1
DA:427,1
DA:428,1
DA:433,1
DA:434,0
DA:441,1
DA:442,1
DA:443,3
DA:444,3
DA:448,3
DA:449,1
DA:451,2
DA:455,1
DA:457,4
DA:458,2
LF:98
LH:83
end_of_record
SF:lib/src/widgets/velocity_motion_builder.dart
DA:43,1
DA:57,0
DA:67,0
DA:77,1
DA:78,1
DA:83,1
DA:85,1
DA:87,1
DA:89,3
DA:91,2
DA:92,2
DA:103,1
DA:112,1
LF:13
LH:11
end_of_record
SF:lib/src/simulations/curve_simulation.dart
DA:6,1
DA:26,1
DA:28,3
DA:29,1
DA:30,1
DA:33,1
DA:34,1
DA:37,3
DA:39,6
DA:42,0
DA:45,0
DA:46,0
DA:47,0
DA:50,0
DA:53,1
DA:54,3
DA:58,3
LF:17
LH:12
end_of_record
SF:lib/src/widgets/base_motion_builder.dart
DA:9,2
DA:21,0
DA:100,2
DA:102,2
DA:103,6
DA:104,2
DA:107,8
DA:108,4
DA:110,0
DA:111,0
DA:113,0
DA:114,0
DA:118,4
DA:119,0
DA:121,8
DA:122,4
DA:126,2
DA:128,8
DA:129,2
DA:130,4
DA:131,2
DA:133,0
DA:135,0
DA:137,0
DA:140,4
DA:141,2
DA:142,2
DA:143,6
DA:146,8
DA:147,4
DA:148,8
DA:150,8
DA:154,8
DA:155,0
DA:156,0
DA:158,0
DA:159,0
DA:163,2
DA:172,2
DA:174,2
DA:175,2
DA:176,2
DA:177,4
DA:181,2
DA:183,4
DA:184,2
LF:46
LH:33
end_of_record
