SF:lib/src/design/blend_color_tween.dart
DA:8,0
DA:11,0
DA:13,0
DA:15,0
LF:4
LH:0
end_of_record
SF:lib/src/extensions/async_value_tools.dart
DA:6,4
DA:12,0
DA:19,0
LF:3
LH:1
end_of_record
SF:lib/src/extensions/auto_dispose_ref_chache.dart
DA:14,1
DA:15,1
DA:16,2
DA:18,2
DA:20,0
DA:28,0
DA:30,0
DA:33,0
DA:34,0
DA:35,0
DA:38,0
DA:39,0
DA:42,0
DA:43,0
LF:14
LH:4
end_of_record
SF:lib/src/extensions/date_time_tools.dart
DA:4,1
DA:5,4
DA:9,1
DA:10,4
DA:17,0
DA:18,0
DA:19,0
DA:20,0
DA:21,0
DA:26,1
DA:27,1
DA:28,1
DA:29,1
DA:30,2
DA:31,1
DA:32,1
DA:33,1
DA:34,1
DA:35,1
DA:44,1
DA:48,1
DA:49,1
DA:50,2
DA:52,1
DA:57,1
DA:58,1
DA:59,1
DA:60,1
DA:61,1
DA:62,1
DA:63,1
DA:64,1
DA:65,1
DA:66,1
DA:72,1
DA:73,3
DA:79,1
DA:80,3
DA:87,1
DA:88,4
DA:89,3
DA:93,1
DA:94,9
DA:98,1
DA:99,1
DA:100,1
DA:106,1
DA:111,2
DA:112,1
DA:116,1
DA:117,1
DA:122,1
DA:123,1
LF:53
LH:48
end_of_record
SF:lib/src/extensions/hct_tools.dart
DA:14,0
DA:19,0
DA:22,0
DA:25,0
DA:26,0
DA:28,0
DA:29,0
DA:30,0
DA:31,0
DA:34,0
DA:35,0
DA:43,0
DA:44,0
DA:48,0
LF:14
LH:0
end_of_record
SF:lib/src/hooks/use_date_format.dart
DA:11,0
DA:15,0
DA:16,0
DA:18,0
DA:20,0
DA:22,0
DA:23,0
DA:24,0
LF:8
LH:0
end_of_record
SF:lib/src/hooks/use_delayed.dart
DA:10,1
DA:17,1
DA:19,1
DA:20,1
DA:21,2
DA:27,1
DA:28,1
DA:29,2
DA:30,1
DA:32,2
DA:34,1
DA:36,3
DA:39,2
LF:13
LH:13
end_of_record
SF:lib/src/hooks/use_listenable_listener.dart
DA:18,0
DA:23,0
DA:24,0
DA:26,0
DA:28,0
DA:30,0
LF:6
LH:0
end_of_record
SF:lib/src/hooks/use_page.dart
DA:8,1
DA:9,1
DA:10,4
DA:11,1
DA:12,2
LF:5
LH:5
end_of_record
SF:lib/src/hooks/use_tween_animation.dart
DA:12,1
DA:17,1
DA:18,1
DA:19,1
DA:34,0
DA:39,0
DA:40,0
DA:41,0
DA:43,0
DA:51,1
DA:64,1
DA:65,1
DA:72,1
DA:73,1
DA:74,2
DA:75,2
DA:76,2
DA:77,2
DA:81,2
DA:82,2
DA:84,1
DA:86,3
DA:87,2
DA:88,1
DA:89,5
DA:90,1
DA:91,5
DA:92,2
DA:96,1
DA:98,1
DA:99,4
DA:100,0
DA:101,0
DA:103,4
DA:104,1
DA:105,2
DA:110,1
DA:113,1
DA:114,1
DA:115,1
DA:119,1
DA:121,3
DA:124,1
DA:125,4
DA:128,1
DA:130,2
DA:131,2
DA:132,1
DA:135,1
DA:136,2
DA:139,1
DA:144,3
DA:145,1
DA:148,1
DA:150,2
DA:156,0
DA:157,1
DA:160,1
DA:170,1
DA:173,3
DA:176,6
DA:178,0
DA:179,0
LF:63
LH:53
end_of_record
