SF:lib/src/design/blend_color_tween.dart
DA:8,0
DA:11,0
DA:13,0
DA:15,0
LF:4
LH:0
end_of_record
SF:lib/src/design/simple_widget_states.dart
DA:7,0
DA:40,0
DA:42,0
DA:43,0
DA:45,0
DA:46,0
DA:48,0
DA:49,0
DA:51,0
DA:52,0
DA:54,0
LF:11
LH:0
end_of_record
SF:lib/src/extensions/async_value_tools.dart
DA:6,0
DA:12,0
DA:19,0
LF:3
LH:0
end_of_record
SF:lib/src/extensions/auto_dispose_ref_chache.dart
DA:14,0
DA:15,0
DA:16,0
DA:18,0
DA:20,0
DA:28,0
DA:30,0
DA:33,0
DA:34,0
DA:35,0
DA:38,0
DA:39,0
DA:42,0
DA:43,0
LF:14
LH:0
end_of_record
SF:lib/src/extensions/date_time_tools.dart
DA:4,0
DA:5,0
DA:9,0
DA:10,0
DA:17,0
DA:18,0
DA:19,0
DA:20,0
DA:21,0
DA:26,0
DA:27,0
DA:28,0
DA:29,0
DA:30,0
DA:31,0
DA:32,0
DA:33,0
DA:34,0
DA:35,0
DA:44,0
DA:48,0
DA:49,0
DA:50,0
DA:52,0
DA:57,0
DA:58,0
DA:59,0
DA:60,0
DA:61,0
DA:62,0
DA:63,0
DA:64,0
DA:65,0
DA:66,0
DA:72,0
DA:73,0
DA:79,0
DA:80,0
DA:87,0
DA:88,0
DA:89,0
DA:93,0
DA:94,0
DA:98,0
DA:99,0
DA:100,0
DA:106,0
DA:111,0
DA:112,0
DA:116,0
DA:117,0
DA:122,0
DA:123,0
LF:53
LH:0
end_of_record
SF:lib/src/extensions/duration_formatting.dart
DA:4,0
DA:5,0
DA:8,0
DA:9,0
DA:10,0
DA:14,0
DA:15,0
DA:16,0
DA:17,0
DA:20,0
LF:10
LH:0
end_of_record
SF:lib/src/extensions/hct_tools.dart
DA:14,0
DA:19,0
DA:22,0
DA:25,0
DA:26,0
DA:28,0
DA:29,0
DA:30,0
DA:31,0
DA:34,0
DA:35,0
DA:43,0
DA:44,0
DA:48,0
DA:54,0
LF:15
LH:0
end_of_record
SF:lib/src/extensions/iterable_tools.dart
DA:6,0
DA:8,0
DA:16,0
DA:18,0
DA:29,0
DA:30,0
DA:31,0
DA:32,0
DA:33,0
DA:35,0
DA:48,0
DA:49,0
DA:50,0
DA:53,0
DA:54,0
DA:67,0
DA:68,0
DA:69,0
DA:72,0
DA:73,0
DA:74,0
DA:75,0
DA:77,0
DA:80,0
LF:24
LH:0
end_of_record
SF:lib/src/extensions/object_try_as.dart
DA:14,0
LF:1
LH:0
end_of_record
SF:lib/src/extensions/string_if_not_empty.dart
DA:5,2
LF:1
LH:1
end_of_record
SF:lib/src/hooks/use_date_format.dart
DA:11,0
DA:15,0
DA:16,0
DA:18,0
DA:20,0
DA:22,0
DA:23,0
DA:24,0
LF:8
LH:0
end_of_record
SF:lib/src/hooks/use_delayed.dart
DA:9,0
DA:16,0
DA:17,0
DA:19,0
DA:20,0
DA:21,0
DA:27,0
DA:28,0
DA:29,0
DA:30,0
DA:31,0
DA:33,0
DA:35,0
DA:38,0
DA:41,0
LF:15
LH:0
end_of_record
SF:lib/src/hooks/use_listenable_listener.dart
DA:18,0
DA:23,0
DA:24,0
DA:26,0
DA:28,0
DA:30,0
LF:6
LH:0
end_of_record
SF:lib/src/hooks/use_page.dart
DA:8,0
DA:9,0
DA:10,0
DA:11,0
DA:12,0
LF:5
LH:0
end_of_record
SF:lib/src/hooks/use_tween_animation.dart
DA:12,0
DA:17,0
DA:18,0
DA:19,0
DA:34,0
DA:40,0
DA:41,0
DA:43,0
DA:51,0
DA:64,0
DA:65,0
DA:72,0
DA:73,0
DA:81,0
DA:84,0
DA:86,0
DA:87,0
DA:88,0
DA:89,0
DA:90,0
DA:91,0
DA:92,0
DA:96,0
DA:98,0
DA:99,0
DA:100,0
DA:101,0
DA:103,0
DA:104,0
DA:105,0
DA:110,0
DA:113,0
DA:114,0
DA:115,0
DA:119,0
DA:121,0
DA:124,0
DA:125,0
DA:128,0
DA:130,0
DA:131,0
DA:132,0
DA:135,0
DA:136,0
DA:139,0
DA:144,0
DA:145,0
DA:148,0
DA:150,0
DA:156,0
DA:157,0
DA:160,0
DA:170,0
DA:173,0
DA:176,0
DA:178,0
DA:179,0
LF:57
LH:0
end_of_record
