SF:lib/src/fake_device.dart
DA:9,2
DA:11,1
DA:14,0
DA:16,0
LF:4
LH:2
end_of_record
SF:lib/src/screenshot_test_function.dart
DA:10,1
DA:22,1
DA:24,1
DA:25,1
DA:29,1
DA:37,1
LF:6
LH:6
end_of_record
SF:lib/src/snap.dart
DA:35,1
DA:42,1
DA:43,0
DA:46,0
DA:49,1
DA:51,2
DA:52,1
DA:58,2
DA:59,1
DA:60,2
DA:63,1
DA:66,2
DA:67,2
DA:68,1
DA:70,2
DA:74,3
DA:75,1
DA:76,2
DA:77,1
DA:79,0
DA:82,1
DA:84,1
DA:85,0
DA:88,1
DA:90,1
DA:101,1
DA:102,1
DA:107,2
DA:114,0
DA:117,1
DA:133,1
DA:135,3
DA:137,1
DA:138,1
DA:140,1
DA:141,1
DA:142,1
DA:145,1
DA:146,1
DA:147,1
DA:151,4
DA:152,3
DA:153,2
DA:155,3
DA:167,1
DA:172,1
DA:174,2
DA:176,1
DA:178,1
DA:180,3
DA:181,1
DA:182,1
DA:190,1
DA:191,1
DA:192,1
DA:194,3
DA:197,1
DA:198,1
DA:206,1
DA:211,1
DA:222,1
DA:223,1
DA:224,3
DA:225,1
DA:227,1
DA:230,2
DA:231,0
DA:233,0
DA:236,1
DA:244,1
DA:250,1
DA:252,1
DA:257,2
DA:259,1
DA:261,1
DA:265,2
DA:275,1
DA:280,2
DA:281,0
DA:283,1
DA:284,1
DA:286,1
DA:288,2
DA:290,1
DA:293,1
DA:295,1
DA:296,1
DA:299,2
DA:301,2
DA:302,2
DA:303,3
DA:304,3
DA:306,0
DA:307,0
DA:308,0
DA:309,0
DA:310,0
DA:311,0
DA:321,3
DA:325,2
DA:326,1
DA:327,1
DA:328,1
DA:329,1
LF:104
LH:90
end_of_record
SF:lib/src/snapper_settings.dart
DA:10,3
DA:20,1
DA:27,1
DA:30,1
DA:46,0
DA:47,0
DA:48,0
DA:49,0
DA:50,0
DA:51,0
LF:10
LH:4
end_of_record
