SF:lib/src/fake_device.dart
DA:9,2
DA:11,1
DA:14,0
DA:16,0
LF:4
LH:2
end_of_record
SF:lib/src/screenshot_test_function.dart
DA:10,1
DA:22,1
DA:24,1
DA:25,1
DA:29,1
DA:37,1
LF:6
LH:6
end_of_record
SF:lib/src/snap.dart
DA:33,1
DA:40,1
DA:41,0
DA:44,0
DA:47,1
DA:49,2
DA:50,1
DA:56,2
DA:57,1
DA:58,2
DA:61,0
DA:64,2
DA:65,2
DA:66,1
DA:68,2
DA:72,3
DA:73,1
DA:74,2
DA:75,1
DA:77,0
DA:80,1
DA:82,1
DA:83,0
DA:86,1
DA:88,1
DA:99,1
DA:100,1
DA:105,2
DA:112,0
DA:115,1
DA:131,1
DA:133,3
DA:135,1
DA:137,1
DA:138,1
DA:139,1
DA:142,1
DA:143,1
DA:144,1
DA:148,4
DA:149,3
DA:150,2
DA:162,1
DA:167,1
DA:169,2
DA:171,1
DA:173,3
DA:174,1
DA:175,1
DA:183,0
DA:184,0
DA:185,0
DA:187,0
DA:190,0
DA:191,0
DA:199,0
DA:204,0
DA:215,0
DA:216,0
DA:217,0
DA:218,0
DA:220,0
DA:223,0
DA:224,0
DA:226,0
DA:229,0
DA:237,1
DA:243,1
DA:245,1
DA:250,2
DA:252,1
DA:254,1
DA:258,2
DA:268,1
DA:273,2
DA:274,0
DA:276,1
DA:277,1
DA:279,1
DA:281,2
DA:283,1
DA:286,1
DA:288,1
DA:289,1
DA:292,2
DA:294,2
DA:295,2
DA:296,3
DA:297,3
DA:299,0
DA:300,0
DA:301,0
DA:302,0
DA:303,0
DA:304,0
DA:314,3
DA:318,2
DA:319,1
DA:320,1
DA:321,1
DA:322,1
LF:101
LH:71
end_of_record
SF:lib/src/snapper_settings.dart
DA:10,3
DA:19,1
DA:26,1
DA:29,1
DA:45,0
DA:46,0
DA:47,0
DA:48,0
DA:49,0
DA:50,0
LF:10
LH:4
end_of_record
