SF:lib/scroll_drag_detector.dart
DA:63,1
DA:88,1
DA:213,1
DA:214,1
DA:224,1
DA:225,2
DA:226,2
DA:227,2
DA:228,2
DA:230,1
DA:231,2
DA:232,2
DA:233,2
DA:234,2
DA:236,1
DA:238,2
DA:239,2
DA:243,1
DA:245,3
DA:246,3
DA:247,3
DA:248,3
DA:252,1
DA:254,2
DA:255,1
DA:258,1
DA:260,1
DA:261,1
DA:262,1
DA:263,2
DA:264,2
DA:265,0
DA:266,0
DA:270,2
DA:271,0
DA:272,0
DA:276,2
DA:277,0
DA:278,0
DA:282,2
DA:283,2
DA:284,2
DA:285,0
DA:286,0
DA:290,2
DA:291,0
DA:292,0
DA:296,2
DA:297,0
DA:298,0
DA:302,2
DA:303,1
DA:304,1
DA:305,1
DA:307,1
DA:308,3
DA:309,2
DA:310,2
DA:311,1
DA:313,2
DA:315,1
DA:316,1
DA:317,1
DA:318,1
DA:322,1
DA:326,2
DA:332,1
DA:333,4
DA:336,3
DA:337,3
DA:339,3
DA:340,3
DA:341,1
DA:342,1
DA:343,1
DA:344,1
DA:347,1
DA:349,4
DA:350,2
DA:352,0
DA:354,4
DA:358,0
DA:359,0
DA:361,1
DA:362,1
DA:363,1
DA:364,1
DA:367,1
DA:369,4
DA:370,2
DA:372,2
DA:375,4
DA:381,2
DA:382,1
DA:383,1
DA:384,1
DA:390,1
DA:391,2
DA:392,3
DA:393,1
DA:394,2
DA:395,1
DA:396,3
DA:397,1
DA:398,3
DA:399,2
DA:401,1
DA:403,1
DA:413,1
DA:414,2
DA:415,6
DA:416,2
DA:417,1
DA:420,1
DA:421,2
DA:422,6
DA:423,2
DA:426,1
DA:430,1
DA:431,2
DA:432,2
DA:434,1
DA:435,2
DA:436,0
DA:439,1
DA:441,1
DA:447,1
DA:448,1
DA:449,1
DA:451,3
DA:452,1
DA:453,1
DA:455,1
DA:456,1
DA:460,2
DA:461,2
DA:464,1
DA:465,3
DA:467,1
DA:468,0
DA:474,1
DA:475,1
DA:476,2
DA:477,1
DA:478,1
DA:483,1
DA:485,2
DA:486,2
DA:490,1
DA:495,3
DA:496,3
DA:500,1
DA:501,3
DA:502,1
DA:503,3
DA:505,3
DA:510,1
DA:511,1
DA:512,2
DA:514,2
DA:518,1
DA:519,1
DA:520,3
DA:522,0
DA:535,1
DA:548,1
DA:549,1
DA:550,4
DA:551,1
DA:552,1
DA:553,2
DA:557,1
DA:559,1
DA:560,1
DA:561,1
DA:562,2
DA:565,1
DA:571,1
DA:573,0
DA:575,1
DA:581,1
DA:583,0
DA:585,1
DA:586,2
DA:588,1
DA:592,2
DA:594,1
DA:596,2
DA:598,0
DA:600,0
DA:602,0
DA:604,0
DA:606,1
DA:608,2
DA:610,1
DA:612,2
DA:613,1
DA:614,3
DA:615,0
DA:621,1
DA:631,0
DA:633,0
DA:634,0
DA:635,0
DA:636,0
DA:640,1
DA:645,3
DA:646,0
DA:649,2
DA:650,1
DA:651,0
DA:652,3
DA:654,0
DA:657,2
DA:658,1
DA:659,2
DA:660,2
DA:661,0
DA:664,2
LF:219
LH:185
end_of_record
