SF:lib/src/fake_device.dart
DA:24,2
DA:26,1
DA:29,0
DA:31,0
LF:4
LH:2
end_of_record
SF:lib/src/screenshot_test_function.dart
DA:37,1
DA:49,1
DA:51,1
DA:52,1
DA:56,1
DA:64,1
LF:6
LH:6
end_of_record
SF:lib/src/snap.dart
DA:47,1
DA:56,1
DA:57,4
DA:59,1
DA:62,0
DA:65,1
DA:67,1
DA:69,2
DA:70,1
DA:77,2
DA:81,1
DA:84,2
DA:85,2
DA:86,1
DA:88,2
DA:90,2
DA:91,1
DA:92,2
DA:95,0
DA:100,3
DA:101,1
DA:102,3
DA:103,1
DA:105,0
DA:108,1
DA:110,1
DA:111,0
DA:114,1
DA:116,1
DA:120,2
DA:124,1
DA:126,2
DA:127,2
DA:137,1
DA:138,1
DA:143,2
DA:150,0
DA:153,1
DA:175,1
DA:177,3
DA:179,1
DA:180,1
DA:182,1
DA:183,1
DA:184,1
DA:187,1
DA:188,1
DA:189,1
DA:192,1
DA:195,4
DA:196,3
DA:197,1
DA:199,2
DA:201,3
DA:213,1
DA:218,1
DA:220,2
DA:222,1
DA:224,1
DA:225,2
DA:227,1
DA:229,1
DA:231,1
DA:241,1
DA:242,3
DA:244,1
DA:245,1
DA:247,1
DA:251,1
DA:253,1
DA:259,1
DA:261,1
DA:263,1
DA:267,1
DA:268,3
DA:270,1
DA:271,1
DA:274,1
DA:276,1
DA:278,1
DA:279,1
DA:280,5
DA:282,1
DA:285,2
DA:286,3
DA:287,2
DA:289,3
DA:290,1
DA:291,1
DA:292,0
DA:294,1
DA:295,1
DA:305,1
DA:306,1
DA:307,3
DA:308,1
DA:310,1
DA:313,2
DA:314,0
DA:316,0
DA:319,1
DA:327,1
DA:331,1
DA:332,1
DA:334,1
DA:336,1
DA:338,1
DA:340,1
DA:350,1
DA:357,2
DA:358,0
DA:360,1
DA:361,1
DA:363,1
DA:365,2
DA:367,1
DA:370,1
DA:372,1
DA:373,1
DA:376,2
DA:378,2
DA:379,2
DA:380,4
DA:381,4
DA:383,0
DA:384,0
DA:385,0
DA:386,0
DA:387,0
DA:388,0
DA:394,1
DA:395,1
DA:405,1
DA:410,1
DA:411,1
DA:412,1
DA:414,2
DA:417,2
DA:420,2
DA:422,1
DA:424,6
DA:426,1
DA:430,1
DA:431,1
DA:432,2
DA:433,2
DA:436,1
DA:441,3
DA:445,1
DA:446,1
DA:447,2
DA:448,2
DA:449,2
DA:450,2
LF:154
LH:139
end_of_record
SF:lib/src/snaptest_settings.dart
DA:50,4
DA:78,1
DA:93,1
DA:103,1
DA:147,0
DA:148,0
DA:149,0
DA:150,0
DA:151,0
DA:152,0
DA:153,0
LF:11
LH:4
end_of_record
SF:lib/src/blocked_text_painting_context.dart
DA:16,1
DA:19,1
DA:21,1
DA:22,2
DA:24,0
DA:26,0
DA:32,1
DA:34,1
DA:35,1
DA:36,4
DA:37,4
DA:39,1
DA:44,1
DA:45,1
DA:46,1
DA:62,1
DA:68,1
DA:71,0
DA:73,0
DA:75,0
DA:77,0
DA:79,0
DA:84,0
DA:86,0
DA:93,0
DA:95,0
DA:104,0
DA:114,0
DA:116,0
DA:118,0
DA:120,0
DA:122,0
DA:124,0
DA:126,0
DA:128,0
DA:130,0
DA:136,0
DA:138,0
DA:144,0
DA:146,0
DA:148,0
DA:150,0
DA:151,0
DA:153,0
DA:154,0
DA:156,1
DA:157,2
DA:159,0
DA:160,0
DA:162,0
DA:167,0
DA:169,1
DA:171,2
DA:173,0
DA:182,0
DA:192,0
DA:197,0
DA:199,1
DA:200,2
DA:202,0
DA:208,0
DA:210,0
DA:215,0
DA:217,1
DA:218,2
DA:220,1
DA:221,2
DA:223,1
DA:224,2
DA:226,1
DA:227,2
DA:229,0
DA:231,0
DA:233,0
DA:234,0
DA:236,0
DA:237,0
DA:239,0
DA:240,0
DA:242,1
DA:243,2
DA:245,0
DA:246,0
DA:248,0
DA:249,0
DA:251,0
DA:252,0
DA:254,0
DA:255,0
DA:257,0
DA:259,0
DA:261,0
DA:263,0
LF:93
LH:31
end_of_record
SF:lib/src/flutter_sdk_root.dart
DA:5,1
DA:6,1
DA:8,1
DA:9,0
DA:11,2
DA:13,1
LF:6
LH:5
end_of_record
