SF:lib/src/fake_device.dart
DA:25,2
DA:27,1
DA:30,1
DA:33,0
DA:35,0
LF:5
LH:3
end_of_record
SF:lib/src/screenshot_test_function.dart
DA:37,1
DA:49,1
DA:51,1
DA:52,1
DA:56,1
DA:64,1
LF:6
LH:6
end_of_record
SF:lib/src/snap.dart
DA:47,1
DA:55,1
DA:56,4
DA:58,1
DA:61,0
DA:64,2
DA:65,0
DA:66,0
DA:72,2
DA:73,0
DA:74,0
DA:80,1
DA:82,1
DA:84,4
DA:86,3
DA:88,4
DA:90,2
DA:91,2
DA:92,2
DA:96,1
DA:104,2
DA:109,1
DA:112,2
DA:113,2
DA:114,1
DA:117,1
DA:118,1
DA:120,1
DA:121,1
DA:124,2
DA:125,1
DA:128,2
DA:131,0
DA:136,3
DA:137,1
DA:138,1
DA:139,2
DA:142,1
DA:144,0
DA:147,1
DA:149,1
DA:150,0
DA:153,1
DA:155,1
DA:159,2
DA:164,1
DA:166,2
DA:167,2
DA:177,1
DA:178,1
DA:183,2
DA:190,0
DA:193,1
DA:215,1
DA:220,3
DA:222,1
DA:223,1
DA:225,1
DA:226,1
DA:227,1
DA:230,1
DA:231,1
DA:232,1
DA:236,1
DA:237,1
DA:239,1
DA:241,1
DA:245,1
DA:249,3
DA:250,2
DA:251,1
DA:253,2
DA:255,3
DA:267,1
DA:273,1
DA:275,2
DA:277,1
DA:280,1
DA:281,2
DA:283,1
DA:285,1
DA:288,1
DA:298,1
DA:299,3
DA:301,1
DA:302,1
DA:304,1
DA:308,1
DA:310,1
DA:316,1
DA:318,1
DA:320,1
DA:324,1
DA:325,3
DA:327,1
DA:328,1
DA:331,1
DA:333,1
DA:335,1
DA:336,1
DA:337,5
DA:339,1
DA:342,2
DA:343,3
DA:344,2
DA:346,3
DA:347,1
DA:348,1
DA:349,0
DA:351,1
DA:352,1
DA:362,1
DA:363,1
DA:364,3
DA:365,1
DA:367,1
DA:370,2
DA:371,0
DA:373,0
DA:376,1
DA:384,1
DA:389,1
DA:390,1
DA:392,1
DA:394,1
DA:396,1
DA:398,1
DA:408,1
DA:416,2
DA:417,0
DA:419,1
DA:420,1
DA:422,1
DA:424,2
DA:426,1
DA:429,1
DA:431,1
DA:432,1
DA:435,2
DA:437,2
DA:438,2
DA:439,4
DA:440,4
DA:442,0
DA:443,0
DA:444,0
DA:445,0
DA:446,0
DA:447,0
DA:453,1
DA:454,1
DA:464,1
DA:470,1
DA:471,1
DA:477,1
DA:479,5
DA:482,1
DA:483,5
DA:484,1
DA:485,9
DA:487,3
DA:489,1
DA:490,1
DA:494,1
DA:496,1
DA:499,5
DA:500,1
DA:501,9
DA:504,3
DA:507,1
DA:510,1
DA:513,1
DA:515,1
DA:517,6
DA:519,1
DA:523,1
DA:524,1
DA:525,2
DA:526,2
DA:529,1
DA:534,3
DA:538,1
DA:539,1
DA:540,2
DA:541,2
DA:542,2
DA:543,2
LF:187
LH:168
end_of_record
SF:lib/src/snaptest_settings.dart
DA:51,4
DA:82,1
DA:100,1
DA:110,1
DA:160,0
DA:161,0
DA:162,0
DA:163,0
DA:164,0
DA:165,0
DA:166,0
DA:167,0
LF:12
LH:4
end_of_record
SF:lib/src/blocked_text_painting_context.dart
DA:16,1
DA:19,1
DA:21,1
DA:22,2
DA:24,0
DA:26,0
DA:32,1
DA:34,1
DA:35,1
DA:36,4
DA:37,4
DA:39,1
DA:44,1
DA:45,1
DA:46,1
DA:62,1
DA:68,1
DA:71,0
DA:73,0
DA:75,0
DA:77,0
DA:79,0
DA:84,0
DA:86,0
DA:93,0
DA:95,0
DA:104,0
DA:114,0
DA:116,0
DA:118,0
DA:120,0
DA:122,0
DA:124,0
DA:126,0
DA:128,0
DA:130,0
DA:136,0
DA:138,0
DA:144,0
DA:146,0
DA:148,0
DA:150,0
DA:151,0
DA:153,0
DA:154,0
DA:156,1
DA:157,2
DA:159,0
DA:160,0
DA:162,0
DA:167,0
DA:169,1
DA:171,2
DA:173,0
DA:182,0
DA:192,0
DA:197,0
DA:199,1
DA:200,2
DA:202,0
DA:208,0
DA:210,0
DA:215,0
DA:217,1
DA:218,2
DA:220,1
DA:221,2
DA:223,1
DA:224,2
DA:226,1
DA:227,2
DA:229,0
DA:231,0
DA:233,0
DA:234,0
DA:236,0
DA:237,0
DA:239,0
DA:240,0
DA:242,1
DA:243,2
DA:245,0
DA:246,0
DA:248,0
DA:249,0
DA:251,0
DA:252,0
DA:254,0
DA:255,0
DA:257,0
DA:259,0
DA:261,0
DA:263,0
LF:93
LH:31
end_of_record
SF:lib/src/flutter_sdk_root.dart
DA:5,1
DA:6,1
DA:8,1
DA:9,0
DA:11,2
DA:13,1
LF:6
LH:5
end_of_record
