SF:lib/src/drag_dismissable.dart
DA:16,0
DA:31,0
DA:94,0
DA:96,0
DA:97,0
DA:105,0
DA:106,0
DA:107,0
DA:109,0
DA:110,0
DA:111,0
DA:112,0
DA:113,0
DA:115,0
DA:117,0
DA:118,0
DA:119,0
DA:120,0
DA:121,0
DA:124,0
DA:126,0
DA:127,0
DA:129,0
DA:132,0
DA:134,0
DA:136,0
DA:138,0
DA:140,0
DA:141,0
DA:143,0
DA:144,0
DA:147,0
DA:148,0
DA:151,0
DA:152,0
DA:155,0
DA:156,0
DA:159,0
DA:160,0
DA:163,0
DA:164,0
DA:167,0
DA:168,0
DA:171,0
DA:172,0
DA:174,0
DA:175,0
DA:176,0
DA:178,0
DA:179,0
DA:180,0
DA:185,0
DA:186,0
DA:187,0
DA:193,0
DA:194,0
DA:195,0
DA:196,0
DA:197,0
DA:201,0
DA:202,0
DA:203,0
DA:204,0
DA:205,0
DA:206,0
DA:207,0
DA:208,0
DA:209,0
DA:211,0
DA:212,0
DA:213,0
DA:216,0
DA:220,0
DA:221,0
DA:222,0
DA:223,0
DA:224,0
DA:225,0
DA:229,0
DA:230,0
DA:232,0
DA:233,0
DA:238,0
DA:239,0
DA:240,0
DA:241,0
DA:242,0
DA:243,0
DA:245,0
DA:247,0
DA:251,0
DA:252,0
DA:253,0
DA:254,0
LF:94
LH:0
end_of_record
SF:lib/src/heroine_route_mixin.dart
DA:31,0
DA:32,0
DA:33,0
DA:55,0
DA:58,0
DA:59,0
DA:61,0
DA:62,0
DA:64,0
DA:66,0
DA:67,0
DA:70,0
DA:72,0
DA:73,0
DA:87,0
DA:106,0
DA:109,0
DA:111,0
DA:113,0
DA:114,0
DA:118,0
DA:120,0
DA:121,0
DA:124,0
LF:24
LH:0
end_of_record
SF:lib/src/heroines.dart
DA:17,1
DA:79,1
DA:80,1
DA:95,1
DA:99,1
DA:100,2
DA:102,1
DA:103,2
DA:105,1
DA:107,2
DA:109,1
DA:110,2
DA:115,1
DA:116,2
DA:117,2
DA:118,1
DA:121,1
DA:125,2
DA:126,2
DA:129,1
DA:130,2
DA:131,1
DA:132,1
DA:135,1
DA:136,2
DA:137,2
DA:140,1
DA:142,1
DA:144,2
DA:145,0
DA:146,0
DA:148,0
DA:149,0
DA:153,1
DA:154,1
DA:155,1
DA:159,1
DA:160,1
DA:161,1
DA:162,1
DA:163,1
DA:164,2
DA:168,1
DA:169,3
DA:170,2
DA:174,2
DA:175,1
DA:176,1
DA:180,1
DA:186,1
DA:187,2
DA:188,1
DA:197,1
DA:198,1
DA:199,1
DA:201,3
DA:202,1
DA:203,1
DA:205,0
DA:206,0
DA:207,0
DA:212,1
DA:214,1
DA:215,1
DA:227,3
DA:229,3
DA:231,3
DA:235,1
DA:253,1
DA:255,1
DA:256,1
DA:258,1
DA:259,1
DA:260,1
DA:261,2
DA:262,1
DA:264,1
DA:267,1
DA:268,1
DA:269,1
DA:270,3
DA:271,3
DA:273,1
DA:274,2
DA:275,1
DA:276,2
DA:277,1
DA:278,1
DA:289,1
DA:292,1
DA:293,1
DA:294,1
DA:324,1
DA:326,2
DA:328,1
DA:338,1
DA:341,2
DA:342,0
DA:345,1
DA:353,1
DA:360,0
DA:366,0
DA:369,0
DA:376,0
DA:378,0
DA:386,1
DA:391,1
DA:392,1
DA:393,1
DA:396,1
DA:397,1
DA:401,1
DA:402,1
DA:404,1
DA:405,1
DA:407,1
DA:416,1
DA:417,3
DA:420,1
DA:421,3
DA:430,0
DA:431,0
DA:432,0
DA:445,4
DA:447,2
DA:448,1
DA:449,2
DA:452,1
DA:466,1
DA:474,1
DA:476,1
DA:477,1
DA:486,2
DA:488,1
DA:490,0
DA:492,0
DA:497,2
DA:498,0
DA:507,1
DA:509,1
DA:514,1
DA:516,1
DA:522,2
DA:523,2
DA:525,2
DA:526,1
DA:527,1
DA:528,1
DA:531,3
DA:532,2
DA:537,2
DA:538,0
DA:542,2
DA:545,1
DA:548,1
DA:553,2
DA:554,2
DA:558,2
DA:563,1
DA:564,1
DA:566,1
DA:568,3
DA:570,2
DA:571,1
DA:574,0
DA:575,2
DA:586,1
DA:587,0
DA:591,1
DA:595,2
DA:597,3
DA:601,1
DA:602,1
DA:605,1
DA:606,4
DA:610,0
DA:613,0
DA:616,0
DA:617,0
DA:626,1
DA:630,1
DA:632,1
DA:634,2
DA:635,1
DA:636,0
DA:637,0
DA:641,0
DA:647,0
DA:656,1
DA:662,1
DA:664,1
DA:673,1
DA:674,1
DA:675,1
DA:677,1
DA:678,2
DA:679,1
DA:686,0
DA:688,0
DA:689,0
DA:690,0
DA:693,1
DA:696,1
DA:699,1
DA:714,0
DA:727,0
DA:728,0
DA:730,0
DA:732,0
DA:733,0
DA:734,0
DA:736,0
LF:212
LH:170
end_of_record
SF:lib/src/manifest.dart
DA:4,1
DA:17,6
DA:33,4
DA:36,1
DA:37,2
DA:39,0
DA:40,0
DA:41,0
DA:43,3
DA:47,1
DA:48,2
DA:49,2
DA:50,2
DA:51,2
DA:52,5
DA:53,3
DA:59,1
DA:63,1
DA:66,4
DA:69,1
DA:70,2
DA:71,2
DA:77,1
DA:78,5
DA:81,1
DA:82,5
DA:91,1
DA:92,5
DA:94,0
DA:96,0
DA:97,0
DA:98,0
DA:101,1
DA:103,2
LF:34
LH:27
end_of_record
SF:lib/src/flight.dart
DA:4,1
DA:5,3
DA:6,1
DA:7,1
DA:17,1
DA:18,3
DA:19,1
DA:20,3
DA:22,1
DA:23,4
DA:25,2
DA:29,4
DA:30,1
DA:31,3
DA:32,3
DA:36,4
DA:37,2
DA:38,2
DA:40,1
DA:41,3
DA:42,1
DA:43,3
DA:44,1
DA:47,1
DA:48,3
DA:49,1
DA:50,3
DA:54,1
DA:58,2
DA:59,0
DA:60,0
DA:61,0
DA:62,0
DA:63,0
DA:64,0
DA:65,0
DA:68,2
DA:69,2
DA:70,2
DA:72,1
DA:73,2
DA:74,1
DA:77,1
DA:79,1
DA:82,1
DA:86,1
DA:87,1
DA:88,1
DA:89,1
DA:91,1
DA:94,1
DA:95,1
DA:97,1
DA:98,1
DA:102,3
DA:104,3
DA:106,3
DA:110,1
DA:111,2
DA:113,1
DA:115,2
DA:116,2
DA:117,1
DA:120,1
DA:121,2
DA:123,1
DA:125,2
DA:128,1
DA:129,3
DA:131,2
DA:132,2
DA:133,3
DA:134,3
DA:137,1
DA:138,1
DA:142,1
DA:143,2
DA:144,2
DA:145,6
DA:146,6
DA:147,2
DA:148,2
DA:151,1
DA:158,1
DA:159,3
DA:160,3
DA:162,2
DA:164,1
DA:165,0
DA:169,1
DA:170,2
DA:171,2
DA:172,1
LF:93
LH:85
end_of_record
SF:lib/src/shuttle_builders.dart
DA:13,3
DA:50,1
DA:57,1
DA:58,1
DA:60,2
DA:61,1
DA:62,2
DA:65,0
DA:67,0
DA:69,0
DA:70,0
DA:71,0
DA:77,1
DA:78,1
DA:80,1
DA:82,2
DA:83,1
DA:84,1
DA:85,1
DA:88,1
DA:89,1
DA:92,1
DA:94,1
DA:96,1
DA:97,1
DA:98,1
DA:107,0
DA:113,0
DA:121,0
DA:129,0
DA:139,0
DA:140,0
DA:146,2
DA:150,1
DA:158,1
DA:160,1
DA:161,1
DA:162,1
DA:163,2
DA:166,1
DA:167,1
DA:168,1
DA:174,0
DA:175,0
DA:183,0
DA:192,0
DA:200,0
DA:202,0
DA:203,0
DA:209,1
DA:239,1
DA:247,2
DA:249,2
DA:251,2
DA:252,2
DA:253,2
DA:254,0
DA:255,0
DA:256,0
DA:260,2
DA:261,2
DA:263,2
DA:264,3
DA:266,0
DA:269,1
DA:273,1
DA:274,1
DA:275,2
DA:276,2
DA:283,0
DA:284,0
DA:290,1
DA:298,1
DA:306,4
DA:307,1
DA:308,1
DA:309,2
DA:310,3
DA:314,1
DA:318,0
DA:319,0
DA:351,1
DA:361,1
DA:369,2
DA:373,1
DA:375,4
DA:376,3
DA:387,2
DA:388,3
DA:397,1
DA:400,0
DA:401,0
DA:417,1
DA:418,1
DA:419,0
DA:420,2
LF:96
LH:67
end_of_record
SF:lib/src/heroine_velocity.dart
DA:19,0
DA:32,1
DA:35,1
DA:36,0
DA:38,0
DA:42,0
DA:44,0
LF:7
LH:2
end_of_record
