SF:lib/src/drag_dismissable.dart
DA:15,0
DA:26,0
DA:72,0
DA:74,0
DA:75,0
DA:83,0
DA:84,0
DA:85,0
DA:87,0
DA:88,0
DA:89,0
DA:90,0
DA:91,0
DA:93,0
DA:95,0
DA:97,0
DA:98,0
DA:100,0
DA:103,0
DA:105,0
DA:107,0
DA:109,0
DA:111,0
DA:112,0
DA:114,0
DA:115,0
DA:118,0
DA:119,0
DA:122,0
DA:123,0
DA:126,0
DA:127,0
DA:130,0
DA:131,0
DA:134,0
DA:135,0
DA:138,0
DA:139,0
DA:142,0
DA:143,0
DA:145,0
DA:146,0
DA:147,0
DA:149,0
DA:150,0
DA:151,0
DA:155,0
DA:156,0
DA:157,0
DA:163,0
DA:164,0
DA:165,0
DA:166,0
DA:167,0
DA:171,0
DA:172,0
DA:173,0
DA:174,0
DA:175,0
DA:176,0
DA:177,0
DA:178,0
DA:179,0
DA:181,0
DA:182,0
DA:183,0
DA:186,0
DA:190,0
DA:191,0
DA:192,0
DA:193,0
DA:194,0
DA:198,0
DA:199,0
DA:200,0
DA:201,0
DA:202,0
DA:203,0
DA:204,0
DA:207,0
LF:80
LH:0
end_of_record
SF:lib/src/heroine_route_mixin.dart
DA:31,0
DA:32,0
DA:33,0
DA:55,0
DA:58,0
DA:59,0
DA:61,0
DA:62,0
DA:64,0
DA:66,0
DA:67,0
DA:70,0
DA:72,0
DA:73,0
DA:87,0
DA:106,0
DA:109,0
DA:111,0
DA:113,0
DA:114,0
DA:118,0
DA:120,0
DA:121,0
DA:124,0
LF:24
LH:0
end_of_record
SF:lib/src/manifest.dart
DA:4,1
DA:18,6
DA:35,0
DA:38,1
DA:39,2
DA:41,0
DA:42,0
DA:43,0
DA:45,2
DA:46,0
DA:47,1
DA:51,1
DA:52,2
DA:53,2
DA:54,2
DA:55,2
DA:56,2
DA:58,1
DA:59,2
DA:65,1
DA:69,1
DA:72,4
DA:75,1
DA:76,2
DA:77,2
DA:83,1
DA:84,5
DA:87,1
DA:88,5
DA:97,1
DA:98,5
DA:100,0
DA:102,0
DA:103,0
DA:104,0
DA:107,1
DA:109,2
LF:37
LH:28
end_of_record
SF:lib/src/heroines.dart
DA:17,1
DA:80,1
DA:81,1
DA:96,1
DA:100,3
DA:101,1
DA:102,2
DA:104,1
DA:106,3
DA:107,3
DA:109,1
DA:111,2
DA:113,1
DA:115,3
DA:116,3
DA:121,1
DA:122,2
DA:123,2
DA:124,1
DA:127,1
DA:131,3
DA:132,2
DA:133,2
DA:136,1
DA:137,2
DA:138,3
DA:139,1
DA:140,1
DA:143,1
DA:144,2
DA:145,2
DA:148,1
DA:151,2
DA:155,1
DA:157,2
DA:158,0
DA:159,0
DA:161,0
DA:162,0
DA:166,1
DA:167,1
DA:168,1
DA:172,1
DA:173,1
DA:174,1
DA:175,1
DA:176,1
DA:177,2
DA:181,1
DA:182,3
DA:183,2
DA:187,2
DA:188,1
DA:189,1
DA:193,1
DA:199,1
DA:200,2
DA:201,1
DA:210,0
DA:211,0
DA:212,0
DA:213,0
DA:214,0
DA:215,0
DA:219,1
DA:221,1
DA:222,1
DA:234,2
DA:235,4
DA:236,4
DA:239,3
DA:241,3
DA:245,1
DA:263,1
DA:265,1
DA:266,1
DA:268,1
DA:269,1
DA:270,1
DA:271,2
DA:272,1
DA:274,1
DA:277,1
DA:278,1
DA:279,1
DA:280,3
DA:281,3
DA:283,1
DA:284,2
DA:285,1
DA:286,2
DA:287,1
DA:288,1
DA:299,1
DA:302,1
DA:331,1
DA:333,2
DA:335,1
DA:345,1
DA:348,2
DA:349,0
DA:352,1
DA:360,1
DA:367,0
DA:373,0
DA:376,0
DA:383,0
DA:385,0
DA:393,1
DA:398,1
DA:399,1
DA:400,1
DA:403,1
DA:404,1
DA:408,1
DA:409,1
DA:411,1
DA:412,1
DA:414,1
DA:423,1
DA:424,3
DA:427,1
DA:428,3
DA:437,0
DA:438,0
DA:439,0
DA:452,4
DA:454,2
DA:455,1
DA:456,2
DA:459,1
DA:473,1
DA:481,1
DA:483,1
DA:484,1
DA:493,2
DA:495,1
DA:497,0
DA:499,0
DA:504,2
DA:505,0
DA:514,1
DA:516,1
DA:521,1
DA:523,1
DA:529,2
DA:530,1
DA:531,1
DA:532,1
DA:533,2
DA:536,1
DA:539,1
DA:544,2
DA:545,2
DA:546,0
DA:549,2
DA:551,2
DA:556,1
DA:557,1
DA:559,1
DA:561,3
DA:563,0
DA:564,1
DA:567,0
DA:568,0
DA:579,1
DA:580,0
DA:584,0
DA:585,0
DA:589,0
DA:592,0
DA:595,0
DA:596,0
DA:605,1
DA:609,1
DA:611,1
DA:613,2
DA:614,1
DA:615,0
DA:616,0
DA:620,0
DA:626,0
DA:635,1
DA:641,1
DA:643,1
DA:652,1
DA:653,1
DA:654,1
DA:656,1
DA:657,2
DA:658,1
DA:665,0
DA:667,0
DA:668,0
DA:669,0
DA:672,1
DA:675,1
DA:678,1
LF:198
LH:157
end_of_record
SF:lib/src/flight.dart
DA:4,1
DA:5,1
DA:6,3
DA:7,1
DA:8,1
DA:18,1
DA:19,3
DA:20,1
DA:21,3
DA:23,1
DA:24,4
DA:26,2
DA:30,4
DA:31,1
DA:32,3
DA:33,3
DA:37,4
DA:38,2
DA:39,2
DA:41,1
DA:42,3
DA:43,1
DA:45,4
DA:46,4
DA:49,2
DA:50,2
DA:54,1
DA:55,3
DA:56,1
DA:58,4
DA:59,4
DA:64,1
DA:65,1
DA:69,2
DA:70,0
DA:71,0
DA:72,0
DA:73,0
DA:75,0
DA:76,0
DA:77,0
DA:81,2
DA:82,2
DA:83,2
DA:85,1
DA:86,2
DA:87,1
DA:90,1
DA:92,1
DA:95,1
DA:99,1
DA:100,1
DA:101,1
DA:102,1
DA:104,1
DA:107,1
DA:108,1
DA:110,3
DA:111,1
DA:113,4
DA:114,4
DA:116,1
DA:118,4
DA:119,4
DA:124,1
DA:125,2
DA:127,1
DA:129,2
DA:130,2
DA:131,1
DA:134,1
DA:135,2
DA:137,1
DA:139,0
DA:142,1
DA:143,3
DA:145,2
DA:146,2
DA:147,3
DA:148,3
DA:150,1
DA:151,2
DA:152,2
DA:153,8
DA:154,8
DA:155,3
DA:156,3
DA:159,1
DA:166,0
DA:167,0
DA:168,0
DA:169,0
DA:171,0
DA:173,0
DA:174,0
DA:178,1
DA:179,2
DA:180,2
DA:181,1
LF:99
LH:84
end_of_record
SF:lib/src/shuttle_builders.dart
DA:13,3
DA:37,1
DA:44,1
DA:45,1
DA:47,2
DA:48,1
DA:49,2
DA:52,0
DA:54,0
DA:56,0
DA:57,0
DA:58,0
DA:64,1
DA:65,1
DA:67,1
DA:69,2
DA:70,1
DA:71,1
DA:72,1
DA:75,1
DA:76,1
DA:79,1
DA:81,1
DA:83,1
DA:84,1
DA:85,1
DA:96,2
DA:98,1
DA:106,1
DA:108,1
DA:109,1
DA:110,1
DA:111,2
DA:114,1
DA:115,1
DA:116,1
DA:122,0
DA:123,0
DA:131,0
DA:140,0
DA:148,0
DA:150,0
DA:151,0
DA:157,1
DA:186,1
DA:194,2
DA:196,2
DA:198,2
DA:199,2
DA:200,2
DA:201,0
DA:202,0
DA:203,0
DA:207,2
DA:208,2
DA:210,2
DA:211,3
DA:213,0
DA:216,1
DA:220,1
DA:221,1
DA:222,2
DA:223,2
DA:230,0
DA:231,0
DA:237,1
DA:244,1
DA:252,4
DA:253,1
DA:254,1
DA:255,2
DA:256,3
DA:260,1
DA:264,0
DA:265,0
DA:297,1
DA:307,1
DA:315,2
DA:319,1
DA:321,4
DA:322,3
DA:333,2
DA:334,3
DA:343,1
DA:346,0
DA:347,0
DA:363,1
DA:364,1
DA:365,0
DA:366,2
LF:90
LH:67
end_of_record
SF:lib/src/heroine_velocity.dart
DA:19,0
DA:32,1
DA:35,1
DA:36,0
DA:38,0
DA:42,0
DA:44,0
LF:7
LH:2
end_of_record
